<?xml version="1.0" encoding="UTF-8"?>
<testsuites name="TS_01" time="34.899" tests="5" failures="0" errors="0">
   <testsuite name="TS_01" tests="5" failures="0" errors="0" time="34.899" skipped="0" timestamp="13-04-2025T20:21:13" hostname="Admin - 192.168.1.10" id="Test Suites/TS_01">
      <properties>
         <property name="deviceName" value=""/>
         <property name="devicePlatform"/>
         <property name="logFolder" value="E:\\Katalon Projects\\HungDNCProject2025\\Reports\\20250413_202108\\TS_01\\20250413_202108"/>
         <property name="logFiles" value="E:\\Katalon Projects\\HungDNCProject2025\\Reports\\20250413_202108\\TS_01\\20250413_202108\\execution0.log"/>
         <property name="attachments" value=""/>
         <property name="hostName" value="Admin - 192.168.1.10"/>
         <property name="os" value="Windows 11 64bit"/>
         <property name="katalonVersion" value="9.7.5.223"/>
         <property name="browser" value="Chrome 135.0.0.0"/>
         <property name="hostAddress" value="192.168.1.10"/>
         <property name="sessionId" value="0c781eb2ac438f962bcdac601e502b6e"/>
         <property name="seleniumVersion" value="3.141.59"/>
         <property name="proxyInformation" value="ProxyInformation { proxyOption=NO_PROXY, proxyServerType=HTTP, username=, password=********, proxyServerAddress=, proxyServerPort=0, executionList=&quot;&quot;, isApplyToDesiredCapabilities=true }"/>
         <property name="platform" value="Windows 11"/>
      </properties>
      <testcase name="Test Cases/WEB/TC05_Login 05" time="7.377" classname="Test Cases/WEB/TC05_Login 05" status="PASSED">
         <system-out><![CDATA[13-04-2025T20:21:13 - [TEST_CASE][PASSED] - Test Cases/WEB/TC05_Login 05: Test Cases/WEB/TC05_Login 05

13-04-2025T20:21:13 - [TEST_STEP][PASSED] - openBrowser(""): Browser is opened with url: ''

13-04-2025T20:21:14 - [MESSAGE][INFO] - Starting 'Chrome (headless)' driver

13-04-2025T20:21:14 - [MESSAGE][INFO] - User set preference: ['args1', '--disable-features=SafeBrowsing,PasswordLeakToggleMove']

13-04-2025T20:21:14 - [MESSAGE][INFO] - Action delay is set to 0 milliseconds

13-04-2025T20:21:15 - [MESSAGE][PASSED] - Browser is opened with url: ''

13-04-2025T20:21:15 - [TEST_STEP][PASSED] - navigateToUrl("https://katalon-demo-cura.herokuapp.com/"): Navigate to 'https://katalon-demo-cura.herokuapp.com/' successfully

13-04-2025T20:21:18 - [MESSAGE][PASSED] - Navigate to 'https://katalon-demo-cura.herokuapp.com/' successfully

13-04-2025T20:21:18 - [TEST_STEP][PASSED] - click(findTestObject("Object Repository/Website/Page_CURA Healthcare Service/a_Make Appointment")): Object: 'Object Repository/Website/Page_CURA Healthcare Service/a_Make Appointment' is clicked on

13-04-2025T20:21:18 - [MESSAGE][PASSED] - Object: 'Object Repository/Website/Page_CURA Healthcare Service/a_Make Appointment' is clicked on

13-04-2025T20:21:18 - [TEST_STEP][PASSED] - setText(findTestObject("Object Repository/Website/Page_CURA Healthcare Service/input_Username_username"), "John Doe"): Text 'John Doe' is set on object 'Object Repository/Website/Page_CURA Healthcare Service/input_Username_username'

13-04-2025T20:21:19 - [MESSAGE][PASSED] - Text 'John Doe' is set on object 'Object Repository/Website/Page_CURA Healthcare Service/input_Username_username'

13-04-2025T20:21:19 - [TEST_STEP][PASSED] - setEncryptedText(findTestObject("Object Repository/Website/Page_CURA Healthcare Service/input_Password_password"), "g3/DOGG74jC3Flrr3yH+3D/yKbOqqUNM"): Text ****** has been set on object 'Object Repository/Website/Page_CURA Healthcare Service/input_Password_password'

13-04-2025T20:21:20 - [MESSAGE][PASSED] - Text ****** has been set on object 'Object Repository/Website/Page_CURA Healthcare Service/input_Password_password'

13-04-2025T20:21:20 - [TEST_STEP][PASSED] - click(findTestObject("Object Repository/Website/Page_CURA Healthcare Service/button_Login")): Object: 'Object Repository/Website/Page_CURA Healthcare Service/button_Login' is clicked on

13-04-2025T20:21:20 - [MESSAGE][PASSED] - Object: 'Object Repository/Website/Page_CURA Healthcare Service/button_Login' is clicked on

13-04-2025T20:21:20 - [TEST_STEP][PASSED] - closeBrowser(): Browser is closed

13-04-2025T20:21:20 - [MESSAGE][PASSED] - Browser is closed]]></system-out>
         <system-err><![CDATA[]]></system-err>
      </testcase>
      <testcase name="Test Cases/WEB/TC04_Login 04" time="5.785" classname="Test Cases/WEB/TC04_Login 04" status="PASSED">
         <system-out><![CDATA[13-04-2025T20:21:20 - [TEST_CASE][PASSED] - Test Cases/WEB/TC04_Login 04: Test Cases/WEB/TC04_Login 04

13-04-2025T20:21:20 - [TEST_STEP][PASSED] - openBrowser(""): Browser is opened with url: ''

13-04-2025T20:21:21 - [MESSAGE][INFO] - Starting 'Chrome (headless)' driver

13-04-2025T20:21:21 - [MESSAGE][INFO] - User set preference: ['args1', '--disable-features=SafeBrowsing,PasswordLeakToggleMove']

13-04-2025T20:21:21 - [MESSAGE][INFO] - Action delay is set to 0 milliseconds

13-04-2025T20:21:21 - [MESSAGE][PASSED] - Browser is opened with url: ''

13-04-2025T20:21:21 - [TEST_STEP][PASSED] - navigateToUrl("https://katalon-demo-cura.herokuapp.com/"): Navigate to 'https://katalon-demo-cura.herokuapp.com/' successfully

13-04-2025T20:21:24 - [MESSAGE][PASSED] - Navigate to 'https://katalon-demo-cura.herokuapp.com/' successfully

13-04-2025T20:21:24 - [TEST_STEP][PASSED] - click(findTestObject("Object Repository/Website/Page_CURA Healthcare Service/a_Make Appointment")): Object: 'Object Repository/Website/Page_CURA Healthcare Service/a_Make Appointment' is clicked on

13-04-2025T20:21:24 - [MESSAGE][PASSED] - Object: 'Object Repository/Website/Page_CURA Healthcare Service/a_Make Appointment' is clicked on

13-04-2025T20:21:24 - [TEST_STEP][PASSED] - setText(findTestObject("Object Repository/Website/Page_CURA Healthcare Service/input_Username_username"), "John Doe"): Text 'John Doe' is set on object 'Object Repository/Website/Page_CURA Healthcare Service/input_Username_username'

13-04-2025T20:21:25 - [MESSAGE][PASSED] - Text 'John Doe' is set on object 'Object Repository/Website/Page_CURA Healthcare Service/input_Username_username'

13-04-2025T20:21:25 - [TEST_STEP][PASSED] - setEncryptedText(findTestObject("Object Repository/Website/Page_CURA Healthcare Service/input_Password_password"), "g3/DOGG74jC3Flrr3yH+3D/yKbOqqUNM"): Text ****** has been set on object 'Object Repository/Website/Page_CURA Healthcare Service/input_Password_password'

13-04-2025T20:21:25 - [MESSAGE][PASSED] - Text ****** has been set on object 'Object Repository/Website/Page_CURA Healthcare Service/input_Password_password'

13-04-2025T20:21:25 - [TEST_STEP][PASSED] - click(findTestObject("Object Repository/Website/Page_CURA Healthcare Service/button_Login")): Object: 'Object Repository/Website/Page_CURA Healthcare Service/button_Login' is clicked on

13-04-2025T20:21:26 - [MESSAGE][PASSED] - Object: 'Object Repository/Website/Page_CURA Healthcare Service/button_Login' is clicked on

13-04-2025T20:21:26 - [TEST_STEP][PASSED] - closeBrowser(): Browser is closed

13-04-2025T20:21:26 - [MESSAGE][PASSED] - Browser is closed]]></system-out>
         <system-err><![CDATA[]]></system-err>
      </testcase>
      <testcase name="Test Cases/WEB/TC03_Login 03" time="5.737" classname="Test Cases/WEB/TC03_Login 03" status="PASSED">
         <system-out><![CDATA[13-04-2025T20:21:26 - [TEST_CASE][PASSED] - Test Cases/WEB/TC03_Login 03: Test Cases/WEB/TC03_Login 03

13-04-2025T20:21:26 - [TEST_STEP][PASSED] - openBrowser(""): Browser is opened with url: ''

13-04-2025T20:21:26 - [MESSAGE][INFO] - Starting 'Chrome (headless)' driver

13-04-2025T20:21:26 - [MESSAGE][INFO] - User set preference: ['args1', '--disable-features=SafeBrowsing,PasswordLeakToggleMove']

13-04-2025T20:21:26 - [MESSAGE][INFO] - Action delay is set to 0 milliseconds

13-04-2025T20:21:27 - [MESSAGE][PASSED] - Browser is opened with url: ''

13-04-2025T20:21:27 - [TEST_STEP][PASSED] - navigateToUrl("https://katalon-demo-cura.herokuapp.com/"): Navigate to 'https://katalon-demo-cura.herokuapp.com/' successfully

13-04-2025T20:21:29 - [MESSAGE][PASSED] - Navigate to 'https://katalon-demo-cura.herokuapp.com/' successfully

13-04-2025T20:21:29 - [TEST_STEP][PASSED] - click(findTestObject("Object Repository/Website/Page_CURA Healthcare Service/a_Make Appointment")): Object: 'Object Repository/Website/Page_CURA Healthcare Service/a_Make Appointment' is clicked on

13-04-2025T20:21:30 - [MESSAGE][PASSED] - Object: 'Object Repository/Website/Page_CURA Healthcare Service/a_Make Appointment' is clicked on

13-04-2025T20:21:30 - [TEST_STEP][PASSED] - setText(findTestObject("Object Repository/Website/Page_CURA Healthcare Service/input_Username_username"), "John Doe"): Text 'John Doe' is set on object 'Object Repository/Website/Page_CURA Healthcare Service/input_Username_username'

13-04-2025T20:21:31 - [MESSAGE][PASSED] - Text 'John Doe' is set on object 'Object Repository/Website/Page_CURA Healthcare Service/input_Username_username'

13-04-2025T20:21:31 - [TEST_STEP][PASSED] - setEncryptedText(findTestObject("Object Repository/Website/Page_CURA Healthcare Service/input_Password_password"), "g3/DOGG74jC3Flrr3yH+3D/yKbOqqUNM"): Text ****** has been set on object 'Object Repository/Website/Page_CURA Healthcare Service/input_Password_password'

13-04-2025T20:21:31 - [MESSAGE][PASSED] - Text ****** has been set on object 'Object Repository/Website/Page_CURA Healthcare Service/input_Password_password'

13-04-2025T20:21:31 - [TEST_STEP][PASSED] - click(findTestObject("Object Repository/Website/Page_CURA Healthcare Service/button_Login")): Object: 'Object Repository/Website/Page_CURA Healthcare Service/button_Login' is clicked on

13-04-2025T20:21:32 - [MESSAGE][PASSED] - Object: 'Object Repository/Website/Page_CURA Healthcare Service/button_Login' is clicked on

13-04-2025T20:21:32 - [TEST_STEP][PASSED] - closeBrowser(): Browser is closed

13-04-2025T20:21:32 - [MESSAGE][PASSED] - Browser is closed]]></system-out>
         <system-err><![CDATA[]]></system-err>
      </testcase>
      <testcase name="Test Cases/WEB/TC02_Login 02" time="5.741" classname="Test Cases/WEB/TC02_Login 02" status="PASSED">
         <system-out><![CDATA[13-04-2025T20:21:32 - [TEST_CASE][PASSED] - Test Cases/WEB/TC02_Login 02: Test Cases/WEB/TC02_Login 02

13-04-2025T20:21:32 - [TEST_STEP][PASSED] - openBrowser(""): Browser is opened with url: ''

13-04-2025T20:21:32 - [MESSAGE][INFO] - Starting 'Chrome (headless)' driver

13-04-2025T20:21:32 - [MESSAGE][INFO] - User set preference: ['args1', '--disable-features=SafeBrowsing,PasswordLeakToggleMove']

13-04-2025T20:21:32 - [MESSAGE][INFO] - Action delay is set to 0 milliseconds

13-04-2025T20:21:33 - [MESSAGE][PASSED] - Browser is opened with url: ''

13-04-2025T20:21:33 - [TEST_STEP][PASSED] - navigateToUrl("https://katalon-demo-cura.herokuapp.com/"): Navigate to 'https://katalon-demo-cura.herokuapp.com/' successfully

13-04-2025T20:21:35 - [MESSAGE][PASSED] - Navigate to 'https://katalon-demo-cura.herokuapp.com/' successfully

13-04-2025T20:21:35 - [TEST_STEP][PASSED] - click(findTestObject("Object Repository/Website/Page_CURA Healthcare Service/a_Make Appointment")): Object: 'Object Repository/Website/Page_CURA Healthcare Service/a_Make Appointment' is clicked on

13-04-2025T20:21:36 - [MESSAGE][PASSED] - Object: 'Object Repository/Website/Page_CURA Healthcare Service/a_Make Appointment' is clicked on

13-04-2025T20:21:36 - [TEST_STEP][PASSED] - setText(findTestObject("Object Repository/Website/Page_CURA Healthcare Service/input_Username_username"), "John Doe"): Text 'John Doe' is set on object 'Object Repository/Website/Page_CURA Healthcare Service/input_Username_username'

13-04-2025T20:21:36 - [MESSAGE][PASSED] - Text 'John Doe' is set on object 'Object Repository/Website/Page_CURA Healthcare Service/input_Username_username'

13-04-2025T20:21:36 - [TEST_STEP][PASSED] - setEncryptedText(findTestObject("Object Repository/Website/Page_CURA Healthcare Service/input_Password_password"), "g3/DOGG74jC3Flrr3yH+3D/yKbOqqUNM"): Text ****** has been set on object 'Object Repository/Website/Page_CURA Healthcare Service/input_Password_password'

13-04-2025T20:21:37 - [MESSAGE][PASSED] - Text ****** has been set on object 'Object Repository/Website/Page_CURA Healthcare Service/input_Password_password'

13-04-2025T20:21:37 - [TEST_STEP][PASSED] - click(findTestObject("Object Repository/Website/Page_CURA Healthcare Service/button_Login")): Object: 'Object Repository/Website/Page_CURA Healthcare Service/button_Login' is clicked on

13-04-2025T20:21:38 - [MESSAGE][PASSED] - Object: 'Object Repository/Website/Page_CURA Healthcare Service/button_Login' is clicked on

13-04-2025T20:21:38 - [TEST_STEP][PASSED] - closeBrowser(): Browser is closed

13-04-2025T20:21:38 - [MESSAGE][PASSED] - Browser is closed]]></system-out>
         <system-err><![CDATA[]]></system-err>
      </testcase>
      <testcase name="Test Cases/WEB/TC01_Load Page" time="10.063" classname="Test Cases/WEB/TC01_Load Page" status="PASSED">
         <system-out><![CDATA[13-04-2025T20:21:38 - [TEST_CASE][PASSED] - Test Cases/WEB/TC01_Load Page: Test Cases/WEB/TC01_Load Page

13-04-2025T20:21:38 - [TEST_STEP][PASSED] - setWebDriverPreferencesProperty("args", ["--disable-features=SafeBrowsing,PasswordLeakToggleMove"]): null

13-04-2025T20:21:38 - [TEST_STEP][PASSED] - openBrowser(""): Browser is opened with url: ''

13-04-2025T20:21:38 - [MESSAGE][INFO] - Starting 'Chrome (headless)' driver

13-04-2025T20:21:38 - [MESSAGE][INFO] - User set preference: ['args1', '--disable-features=SafeBrowsing,PasswordLeakToggleMove']

13-04-2025T20:21:38 - [MESSAGE][INFO] - User set preference: ['args', '[--disable-features=SafeBrowsing,PasswordLeakToggleMove]']

13-04-2025T20:21:38 - [MESSAGE][INFO] - Action delay is set to 0 milliseconds

13-04-2025T20:21:39 - [MESSAGE][PASSED] - Browser is opened with url: ''

13-04-2025T20:21:39 - [TEST_STEP][PASSED] - navigateToUrl("https://katalon-demo-cura.herokuapp.com/"): Navigate to 'https://katalon-demo-cura.herokuapp.com/' successfully

13-04-2025T20:21:41 - [MESSAGE][PASSED] - Navigate to 'https://katalon-demo-cura.herokuapp.com/' successfully

13-04-2025T20:21:41 - [TEST_STEP][PASSED] - click(findTestObject("Object Repository/Website/Page_CURA Healthcare Service/a_Make Appointment")): Object: 'Object Repository/Website/Page_CURA Healthcare Service/a_Make Appointment' is clicked on

13-04-2025T20:21:42 - [MESSAGE][PASSED] - Object: 'Object Repository/Website/Page_CURA Healthcare Service/a_Make Appointment' is clicked on

13-04-2025T20:21:42 - [TEST_STEP][PASSED] - setText(findTestObject("Object Repository/Website/Page_CURA Healthcare Service/input_Username_username"), "John Doe"): Text 'John Doe' is set on object 'Object Repository/Website/Page_CURA Healthcare Service/input_Username_username'

13-04-2025T20:21:42 - [MESSAGE][PASSED] - Text 'John Doe' is set on object 'Object Repository/Website/Page_CURA Healthcare Service/input_Username_username'

13-04-2025T20:21:42 - [TEST_STEP][PASSED] - setEncryptedText(findTestObject("Object Repository/Website/Page_CURA Healthcare Service/input_Password_password"), "g3/DOGG74jC3Flrr3yH+3D/yKbOqqUNM"): Text ****** has been set on object 'Object Repository/Website/Page_CURA Healthcare Service/input_Password_password'

13-04-2025T20:21:43 - [MESSAGE][PASSED] - Text ****** has been set on object 'Object Repository/Website/Page_CURA Healthcare Service/input_Password_password'

13-04-2025T20:21:43 - [TEST_STEP][PASSED] - click(findTestObject("Object Repository/Website/Page_CURA Healthcare Service/button_Login")): Object: 'Object Repository/Website/Page_CURA Healthcare Service/button_Login' is clicked on

13-04-2025T20:21:43 - [MESSAGE][PASSED] - Object: 'Object Repository/Website/Page_CURA Healthcare Service/button_Login' is clicked on

13-04-2025T20:21:43 - [TEST_STEP][PASSED] - selectOptionByValue(findTestObject("Object Repository/Website/Page_CURA Healthcare Service/select_Tokyo CURA Healthcare Center        _5b4107"), "Hongkong CURA Healthcare Center", true): All options with value 'Hongkong CURA Healthcare Center' are selected in object 'Object Repository/Website/Page_CURA Healthcare Service/select_Tokyo CURA Healthcare Center        _5b4107'  using regular expression

13-04-2025T20:21:44 - [MESSAGE][PASSED] - All options with value 'Hongkong CURA Healthcare Center' are selected in object 'Object Repository/Website/Page_CURA Healthcare Service/select_Tokyo CURA Healthcare Center        _5b4107'  using regular expression

13-04-2025T20:21:44 - [TEST_STEP][PASSED] - click(findTestObject("Object Repository/Website/Page_CURA Healthcare Service/input_Apply for hospital readmission_hospit_63901f")): Object: 'Object Repository/Website/Page_CURA Healthcare Service/input_Apply for hospital readmission_hospit_63901f' is clicked on

13-04-2025T20:21:45 - [MESSAGE][PASSED] - Object: 'Object Repository/Website/Page_CURA Healthcare Service/input_Apply for hospital readmission_hospit_63901f' is clicked on

13-04-2025T20:21:45 - [TEST_STEP][PASSED] - click(findTestObject("Object Repository/Website/Page_CURA Healthcare Service/input_Medicaid_programs")): Object: 'Object Repository/Website/Page_CURA Healthcare Service/input_Medicaid_programs' is clicked on

13-04-2025T20:21:45 - [MESSAGE][PASSED] - Object: 'Object Repository/Website/Page_CURA Healthcare Service/input_Medicaid_programs' is clicked on

13-04-2025T20:21:45 - [TEST_STEP][PASSED] - click(findTestObject("Object Repository/Website/Page_CURA Healthcare Service/div_Visit Date (Required)_input-group-addon")): Object: 'Object Repository/Website/Page_CURA Healthcare Service/div_Visit Date (Required)_input-group-addon' is clicked on

13-04-2025T20:21:45 - [MESSAGE][PASSED] - Object: 'Object Repository/Website/Page_CURA Healthcare Service/div_Visit Date (Required)_input-group-addon' is clicked on

13-04-2025T20:21:45 - [TEST_STEP][PASSED] - click(findTestObject("Object Repository/Website/Page_CURA Healthcare Service/td_30")): Object: 'Object Repository/Website/Page_CURA Healthcare Service/td_30' is clicked on

13-04-2025T20:21:46 - [MESSAGE][PASSED] - Object: 'Object Repository/Website/Page_CURA Healthcare Service/td_30' is clicked on

13-04-2025T20:21:46 - [TEST_STEP][PASSED] - setText(findTestObject("Object Repository/Website/Page_CURA Healthcare Service/textarea_Comment_comment"), findTestData("TestData_Website_01").getValue("comment", 2)): Text 'Not Okey' is set on object 'Object Repository/Website/Page_CURA Healthcare Service/textarea_Comment_comment'

13-04-2025T20:21:47 - [MESSAGE][PASSED] - Text 'Not Okey' is set on object 'Object Repository/Website/Page_CURA Healthcare Service/textarea_Comment_comment'

13-04-2025T20:21:47 - [TEST_STEP][PASSED] - click(findTestObject("Object Repository/Website/Page_CURA Healthcare Service/button_Book Appointment")): Object: 'Object Repository/Website/Page_CURA Healthcare Service/button_Book Appointment' is clicked on

13-04-2025T20:21:47 - [MESSAGE][PASSED] - Object: 'Object Repository/Website/Page_CURA Healthcare Service/button_Book Appointment' is clicked on

13-04-2025T20:21:47 - [TEST_STEP][PASSED] - click(findTestObject("Object Repository/Website/Page_CURA Healthcare Service/h2_Appointment Confirmation")): Object: 'Object Repository/Website/Page_CURA Healthcare Service/h2_Appointment Confirmation' is clicked on

13-04-2025T20:21:47 - [MESSAGE][PASSED] - Object: 'Object Repository/Website/Page_CURA Healthcare Service/h2_Appointment Confirmation' is clicked on

13-04-2025T20:21:47 - [TEST_STEP][PASSED] - verifyElementText(findTestObject("Object Repository/Website/Page_CURA Healthcare Service/h2_Appointment Confirmation"), "Appointment Confirmation"): Actual text and expected text of test object 'Object Repository/Website/Page_CURA Healthcare Service/h2_Appointment Confirmation' are matched.

13-04-2025T20:21:48 - [MESSAGE][PASSED] - Actual text and expected text of test object 'Object Repository/Website/Page_CURA Healthcare Service/h2_Appointment Confirmation' are matched.

13-04-2025T20:21:48 - [TEST_STEP][PASSED] - closeBrowser(): Browser is closed

13-04-2025T20:21:48 - [MESSAGE][PASSED] - Browser is closed]]></system-out>
         <system-err><![CDATA[]]></system-err>
      </testcase>
      <system-out><![CDATA[13-04-2025T20:21:13 - [TEST_SUITE][PASSED] - TS_01: Test Cases/WEB/TC01_Load Page]]></system-out>
      <system-err><![CDATA[]]></system-err>
   </testsuite>
</testsuites>
