<?xml version="1.0" encoding="UTF-8"?>
<testsuites name="TS_09" time="32.688" tests="5" failures="0" errors="0">
   <testsuite name="TS_09" tests="5" failures="0" errors="0" time="32.688" skipped="0" timestamp="12-04-2025T22:02:56" hostname="Admin - 192.168.1.10" id="Test Suites/TS_09">
      <properties>
         <property name="deviceName" value=""/>
         <property name="devicePlatform"/>
         <property name="logFolder" value="E:\\Katalon Projects\\HungDNCProject2025\\Reports\\20250412_220209\\TS_09\\20250412_220212"/>
         <property name="logFiles" value="E:\\Katalon Projects\\HungDNCProject2025\\Reports\\20250412_220209\\TS_09\\20250412_220212\\execution0.log"/>
         <property name="attachments" value=""/>
         <property name="hostName" value="Admin - 192.168.1.10"/>
         <property name="os" value="Windows 11 64bit"/>
         <property name="katalonVersion" value="9.7.5.223"/>
         <property name="browser" value="Chrome 135.0.0.0"/>
         <property name="hostAddress" value="192.168.1.10"/>
         <property name="sessionId" value="b752e4fdbd4c4e128e10736ea5baafbd"/>
         <property name="seleniumVersion" value="3.141.59"/>
         <property name="proxyInformation" value="ProxyInformation { proxyOption=NO_PROXY, proxyServerType=HTTP, username=, password=********, proxyServerAddress=, proxyServerPort=0, executionList=&quot;&quot;, isApplyToDesiredCapabilities=true }"/>
         <property name="platform" value="Windows 11"/>
      </properties>
      <testcase name="Test Cases/WEB/TC45_Login_45" time="7.207" classname="Test Cases/WEB/TC45_Login_45" status="PASSED">
         <system-out><![CDATA[12-04-2025T22:02:56 - [TEST_CASE][PASSED] - Test Cases/WEB/TC45_Login_45: Test Cases/WEB/TC45_Login_45

12-04-2025T22:02:56 - [TEST_STEP][PASSED] - openBrowser(""): Browser is opened with url: ''

12-04-2025T22:02:57 - [MESSAGE][INFO] - Starting 'Chrome' driver

12-04-2025T22:02:57 - [MESSAGE][INFO] - Action delay is set to 0 milliseconds

12-04-2025T22:02:58 - [MESSAGE][PASSED] - Browser is opened with url: ''

12-04-2025T22:02:58 - [TEST_STEP][PASSED] - navigateToUrl("https://katalon-demo-cura.herokuapp.com/"): Navigate to 'https://katalon-demo-cura.herokuapp.com/' successfully

12-04-2025T22:03:01 - [MESSAGE][PASSED] - Navigate to 'https://katalon-demo-cura.herokuapp.com/' successfully

12-04-2025T22:03:01 - [TEST_STEP][PASSED] - click(findTestObject("Object Repository/Website/Page_CURA Healthcare Service/a_Make Appointment")): Object: 'Object Repository/Website/Page_CURA Healthcare Service/a_Make Appointment' is clicked on

12-04-2025T22:03:01 - [MESSAGE][PASSED] - Object: 'Object Repository/Website/Page_CURA Healthcare Service/a_Make Appointment' is clicked on

12-04-2025T22:03:01 - [TEST_STEP][PASSED] - setText(findTestObject("Object Repository/Website/Page_CURA Healthcare Service/input_Username_username"), "John Doe"): Text 'John Doe' is set on object 'Object Repository/Website/Page_CURA Healthcare Service/input_Username_username'

12-04-2025T22:03:02 - [MESSAGE][PASSED] - Text 'John Doe' is set on object 'Object Repository/Website/Page_CURA Healthcare Service/input_Username_username'

12-04-2025T22:03:02 - [TEST_STEP][PASSED] - setEncryptedText(findTestObject("Object Repository/Website/Page_CURA Healthcare Service/input_Password_password"), "g3/DOGG74jC3Flrr3yH+3D/yKbOqqUNM"): Text ****** has been set on object 'Object Repository/Website/Page_CURA Healthcare Service/input_Password_password'

12-04-2025T22:03:02 - [MESSAGE][PASSED] - Text ****** has been set on object 'Object Repository/Website/Page_CURA Healthcare Service/input_Password_password'

12-04-2025T22:03:02 - [TEST_STEP][PASSED] - click(findTestObject("Object Repository/Website/Page_CURA Healthcare Service/button_Login")): Object: 'Object Repository/Website/Page_CURA Healthcare Service/button_Login' is clicked on

12-04-2025T22:03:03 - [MESSAGE][PASSED] - Object: 'Object Repository/Website/Page_CURA Healthcare Service/button_Login' is clicked on

12-04-2025T22:03:03 - [TEST_STEP][PASSED] - closeBrowser(): Browser is closed

12-04-2025T22:03:04 - [MESSAGE][PASSED] - Browser is closed]]></system-out>
         <system-err><![CDATA[]]></system-err>
      </testcase>
      <testcase name="Test Cases/WEB/TC44_Login_44" time="6.498" classname="Test Cases/WEB/TC44_Login_44" status="PASSED">
         <system-out><![CDATA[12-04-2025T22:03:04 - [TEST_CASE][PASSED] - Test Cases/WEB/TC44_Login_44: Test Cases/WEB/TC44_Login_44

12-04-2025T22:03:04 - [TEST_STEP][PASSED] - openBrowser(""): Browser is opened with url: ''

12-04-2025T22:03:04 - [MESSAGE][INFO] - Starting 'Chrome' driver

12-04-2025T22:03:04 - [MESSAGE][INFO] - Action delay is set to 0 milliseconds

12-04-2025T22:03:04 - [MESSAGE][PASSED] - Browser is opened with url: ''

12-04-2025T22:03:04 - [TEST_STEP][PASSED] - navigateToUrl("https://katalon-demo-cura.herokuapp.com/"): Navigate to 'https://katalon-demo-cura.herokuapp.com/' successfully

12-04-2025T22:03:07 - [MESSAGE][PASSED] - Navigate to 'https://katalon-demo-cura.herokuapp.com/' successfully

12-04-2025T22:03:07 - [TEST_STEP][PASSED] - click(findTestObject("Object Repository/Website/Page_CURA Healthcare Service/a_Make Appointment")): Object: 'Object Repository/Website/Page_CURA Healthcare Service/a_Make Appointment' is clicked on

12-04-2025T22:03:08 - [MESSAGE][PASSED] - Object: 'Object Repository/Website/Page_CURA Healthcare Service/a_Make Appointment' is clicked on

12-04-2025T22:03:08 - [TEST_STEP][PASSED] - setText(findTestObject("Object Repository/Website/Page_CURA Healthcare Service/input_Username_username"), "John Doe"): Text 'John Doe' is set on object 'Object Repository/Website/Page_CURA Healthcare Service/input_Username_username'

12-04-2025T22:03:09 - [MESSAGE][PASSED] - Text 'John Doe' is set on object 'Object Repository/Website/Page_CURA Healthcare Service/input_Username_username'

12-04-2025T22:03:09 - [TEST_STEP][PASSED] - setEncryptedText(findTestObject("Object Repository/Website/Page_CURA Healthcare Service/input_Password_password"), "g3/DOGG74jC3Flrr3yH+3D/yKbOqqUNM"): Text ****** has been set on object 'Object Repository/Website/Page_CURA Healthcare Service/input_Password_password'

12-04-2025T22:03:09 - [MESSAGE][PASSED] - Text ****** has been set on object 'Object Repository/Website/Page_CURA Healthcare Service/input_Password_password'

12-04-2025T22:03:09 - [TEST_STEP][PASSED] - click(findTestObject("Object Repository/Website/Page_CURA Healthcare Service/button_Login")): Object: 'Object Repository/Website/Page_CURA Healthcare Service/button_Login' is clicked on

12-04-2025T22:03:10 - [MESSAGE][PASSED] - Object: 'Object Repository/Website/Page_CURA Healthcare Service/button_Login' is clicked on

12-04-2025T22:03:10 - [TEST_STEP][PASSED] - closeBrowser(): Browser is closed

12-04-2025T22:03:10 - [MESSAGE][PASSED] - Browser is closed]]></system-out>
         <system-err><![CDATA[]]></system-err>
      </testcase>
      <testcase name="Test Cases/WEB/TC43_Login_43" time="6.405" classname="Test Cases/WEB/TC43_Login_43" status="PASSED">
         <system-out><![CDATA[12-04-2025T22:03:10 - [TEST_CASE][PASSED] - Test Cases/WEB/TC43_Login_43: Test Cases/WEB/TC43_Login_43

12-04-2025T22:03:10 - [TEST_STEP][PASSED] - openBrowser(""): Browser is opened with url: ''

12-04-2025T22:03:10 - [MESSAGE][INFO] - Starting 'Chrome' driver

12-04-2025T22:03:10 - [MESSAGE][INFO] - Action delay is set to 0 milliseconds

12-04-2025T22:03:11 - [MESSAGE][PASSED] - Browser is opened with url: ''

12-04-2025T22:03:11 - [TEST_STEP][PASSED] - navigateToUrl("https://katalon-demo-cura.herokuapp.com/"): Navigate to 'https://katalon-demo-cura.herokuapp.com/' successfully

12-04-2025T22:03:13 - [MESSAGE][PASSED] - Navigate to 'https://katalon-demo-cura.herokuapp.com/' successfully

12-04-2025T22:03:13 - [TEST_STEP][PASSED] - click(findTestObject("Object Repository/Website/Page_CURA Healthcare Service/a_Make Appointment")): Object: 'Object Repository/Website/Page_CURA Healthcare Service/a_Make Appointment' is clicked on

12-04-2025T22:03:14 - [MESSAGE][PASSED] - Object: 'Object Repository/Website/Page_CURA Healthcare Service/a_Make Appointment' is clicked on

12-04-2025T22:03:14 - [TEST_STEP][PASSED] - setText(findTestObject("Object Repository/Website/Page_CURA Healthcare Service/input_Username_username"), "John Doe"): Text 'John Doe' is set on object 'Object Repository/Website/Page_CURA Healthcare Service/input_Username_username'

12-04-2025T22:03:15 - [MESSAGE][PASSED] - Text 'John Doe' is set on object 'Object Repository/Website/Page_CURA Healthcare Service/input_Username_username'

12-04-2025T22:03:15 - [TEST_STEP][PASSED] - setEncryptedText(findTestObject("Object Repository/Website/Page_CURA Healthcare Service/input_Password_password"), "g3/DOGG74jC3Flrr3yH+3D/yKbOqqUNM"): Text ****** has been set on object 'Object Repository/Website/Page_CURA Healthcare Service/input_Password_password'

12-04-2025T22:03:15 - [MESSAGE][PASSED] - Text ****** has been set on object 'Object Repository/Website/Page_CURA Healthcare Service/input_Password_password'

12-04-2025T22:03:15 - [TEST_STEP][PASSED] - click(findTestObject("Object Repository/Website/Page_CURA Healthcare Service/button_Login")): Object: 'Object Repository/Website/Page_CURA Healthcare Service/button_Login' is clicked on

12-04-2025T22:03:16 - [MESSAGE][PASSED] - Object: 'Object Repository/Website/Page_CURA Healthcare Service/button_Login' is clicked on

12-04-2025T22:03:16 - [TEST_STEP][PASSED] - closeBrowser(): Browser is closed

12-04-2025T22:03:16 - [MESSAGE][PASSED] - Browser is closed]]></system-out>
         <system-err><![CDATA[]]></system-err>
      </testcase>
      <testcase name="Test Cases/WEB/TC42_Login_42" time="6.177" classname="Test Cases/WEB/TC42_Login_42" status="PASSED">
         <system-out><![CDATA[12-04-2025T22:03:16 - [TEST_CASE][PASSED] - Test Cases/WEB/TC42_Login_42: Test Cases/WEB/TC42_Login_42

12-04-2025T22:03:16 - [TEST_STEP][PASSED] - openBrowser(""): Browser is opened with url: ''

12-04-2025T22:03:16 - [MESSAGE][INFO] - Starting 'Chrome' driver

12-04-2025T22:03:16 - [MESSAGE][INFO] - Action delay is set to 0 milliseconds

12-04-2025T22:03:17 - [MESSAGE][PASSED] - Browser is opened with url: ''

12-04-2025T22:03:17 - [TEST_STEP][PASSED] - navigateToUrl("https://katalon-demo-cura.herokuapp.com/"): Navigate to 'https://katalon-demo-cura.herokuapp.com/' successfully

12-04-2025T22:03:20 - [MESSAGE][PASSED] - Navigate to 'https://katalon-demo-cura.herokuapp.com/' successfully

12-04-2025T22:03:20 - [TEST_STEP][PASSED] - click(findTestObject("Object Repository/Website/Page_CURA Healthcare Service/a_Make Appointment")): Object: 'Object Repository/Website/Page_CURA Healthcare Service/a_Make Appointment' is clicked on

12-04-2025T22:03:20 - [MESSAGE][PASSED] - Object: 'Object Repository/Website/Page_CURA Healthcare Service/a_Make Appointment' is clicked on

12-04-2025T22:03:20 - [TEST_STEP][PASSED] - setText(findTestObject("Object Repository/Website/Page_CURA Healthcare Service/input_Username_username"), "John Doe"): Text 'John Doe' is set on object 'Object Repository/Website/Page_CURA Healthcare Service/input_Username_username'

12-04-2025T22:03:21 - [MESSAGE][PASSED] - Text 'John Doe' is set on object 'Object Repository/Website/Page_CURA Healthcare Service/input_Username_username'

12-04-2025T22:03:21 - [TEST_STEP][PASSED] - setEncryptedText(findTestObject("Object Repository/Website/Page_CURA Healthcare Service/input_Password_password"), "g3/DOGG74jC3Flrr3yH+3D/yKbOqqUNM"): Text ****** has been set on object 'Object Repository/Website/Page_CURA Healthcare Service/input_Password_password'

12-04-2025T22:03:22 - [MESSAGE][PASSED] - Text ****** has been set on object 'Object Repository/Website/Page_CURA Healthcare Service/input_Password_password'

12-04-2025T22:03:22 - [TEST_STEP][PASSED] - click(findTestObject("Object Repository/Website/Page_CURA Healthcare Service/button_Login")): Object: 'Object Repository/Website/Page_CURA Healthcare Service/button_Login' is clicked on

12-04-2025T22:03:22 - [MESSAGE][PASSED] - Object: 'Object Repository/Website/Page_CURA Healthcare Service/button_Login' is clicked on

12-04-2025T22:03:22 - [TEST_STEP][PASSED] - closeBrowser(): Browser is closed

12-04-2025T22:03:23 - [MESSAGE][PASSED] - Browser is closed]]></system-out>
         <system-err><![CDATA[]]></system-err>
      </testcase>
      <testcase name="Test Cases/WEB/TC41_Login_41" time="6.222" classname="Test Cases/WEB/TC41_Login_41" status="PASSED">
         <system-out><![CDATA[12-04-2025T22:03:23 - [TEST_CASE][PASSED] - Test Cases/WEB/TC41_Login_41: Test Cases/WEB/TC41_Login_41

12-04-2025T22:03:23 - [TEST_STEP][PASSED] - openBrowser(""): Browser is opened with url: ''

12-04-2025T22:03:23 - [MESSAGE][INFO] - Starting 'Chrome' driver

12-04-2025T22:03:23 - [MESSAGE][INFO] - Action delay is set to 0 milliseconds

12-04-2025T22:03:23 - [MESSAGE][PASSED] - Browser is opened with url: ''

12-04-2025T22:03:23 - [TEST_STEP][PASSED] - navigateToUrl("https://katalon-demo-cura.herokuapp.com/"): Navigate to 'https://katalon-demo-cura.herokuapp.com/' successfully

12-04-2025T22:03:26 - [MESSAGE][PASSED] - Navigate to 'https://katalon-demo-cura.herokuapp.com/' successfully

12-04-2025T22:03:26 - [TEST_STEP][PASSED] - click(findTestObject("Object Repository/Website/Page_CURA Healthcare Service/a_Make Appointment")): Object: 'Object Repository/Website/Page_CURA Healthcare Service/a_Make Appointment' is clicked on

12-04-2025T22:03:27 - [MESSAGE][PASSED] - Object: 'Object Repository/Website/Page_CURA Healthcare Service/a_Make Appointment' is clicked on

12-04-2025T22:03:27 - [TEST_STEP][PASSED] - setText(findTestObject("Object Repository/Website/Page_CURA Healthcare Service/input_Username_username"), "John Doe"): Text 'John Doe' is set on object 'Object Repository/Website/Page_CURA Healthcare Service/input_Username_username'

12-04-2025T22:03:27 - [MESSAGE][PASSED] - Text 'John Doe' is set on object 'Object Repository/Website/Page_CURA Healthcare Service/input_Username_username'

12-04-2025T22:03:27 - [TEST_STEP][PASSED] - setEncryptedText(findTestObject("Object Repository/Website/Page_CURA Healthcare Service/input_Password_password"), "g3/DOGG74jC3Flrr3yH+3D/yKbOqqUNM"): Text ****** has been set on object 'Object Repository/Website/Page_CURA Healthcare Service/input_Password_password'

12-04-2025T22:03:28 - [MESSAGE][PASSED] - Text ****** has been set on object 'Object Repository/Website/Page_CURA Healthcare Service/input_Password_password'

12-04-2025T22:03:28 - [TEST_STEP][PASSED] - click(findTestObject("Object Repository/Website/Page_CURA Healthcare Service/button_Login")): Object: 'Object Repository/Website/Page_CURA Healthcare Service/button_Login' is clicked on

12-04-2025T22:03:29 - [MESSAGE][PASSED] - Object: 'Object Repository/Website/Page_CURA Healthcare Service/button_Login' is clicked on

12-04-2025T22:03:29 - [TEST_STEP][PASSED] - closeBrowser(): Browser is closed

12-04-2025T22:03:29 - [MESSAGE][PASSED] - Browser is closed]]></system-out>
         <system-err><![CDATA[]]></system-err>
      </testcase>
      <system-out><![CDATA[12-04-2025T22:02:56 - [TEST_SUITE][PASSED] - TS_09: Test Cases/WEB/TC41_Login_41]]></system-out>
      <system-err><![CDATA[]]></system-err>
   </testsuite>
</testsuites>
