<?xml version="1.0" encoding="UTF-8"?>
<testsuites name="TS_11" time="20.859" tests="1" failures="0" errors="0">
   <testsuite name="TS_11" tests="1" failures="0" errors="0" time="20.859" skipped="0" timestamp="13-04-2025T22:05:09" hostname="Admin - 192.168.1.10" id="Test Suites/TS_11">
      <properties>
         <property name="deviceName" value=""/>
         <property name="devicePlatform"/>
         <property name="logFolder" value="E:\\Katalon Projects\\HungDNCProject2025\\Reports\\20250413_220455\\TS_11\\20250413_220456"/>
         <property name="logFiles" value="E:\\Katalon Projects\\HungDNCProject2025\\Reports\\20250413_220455\\TS_11\\20250413_220456\\execution0.log"/>
         <property name="attachments" value=""/>
         <property name="hostName" value="Admin - 192.168.1.10"/>
         <property name="os" value="Windows 11 64bit"/>
         <property name="katalonVersion" value="10.1.1.0"/>
         <property name="browser" value="Chrome 135.0.7049.85"/>
         <property name="hostAddress" value="192.168.1.10"/>
         <property name="sessionId" value="b897a197b00387910a207d9d4430908e"/>
         <property name="seleniumVersion" value="4.22.0"/>
         <property name="proxyInformation" value="ProxyInformation { proxyOption=NO_PROXY, proxyServerType=HTTP, username=, password=********, proxyServerAddress=, proxyServerPort=0, executionList=&quot;&quot;, isApplyToDesiredCapabilities=true }"/>
         <property name="platform" value="Windows 11"/>
      </properties>
      <testcase name="Test Cases/WEB/TC01_Load Page" time="20.29" classname="Test Cases/WEB/TC01_Load Page" status="PASSED">
         <properties>
            <property name="data_binding"><![CDATA[{"(Default) inPut...":"","(Default) phone...":"0","(Default) otpLo...":"0","(Default) comme...":"[]","(Default) nameO...":""}]]></property>
         </properties>
         <system-out><![CDATA[13-04-2025T22:05:09 - [TEST_CASE][PASSED] - Test Cases/WEB/TC01_Load Page: Test Cases/WEB/TC01_Load Page

13-04-2025T22:05:11 - [TEST_STEP][PASSED] - setWebDriverPreferencesProperty("args", ["--disable-features=SafeBrowsing,PasswordLeakToggleMove"]): null

13-04-2025T22:05:11 - [TEST_STEP][PASSED] - openBrowser(""): Browser is opened with url: ''

13-04-2025T22:05:12 - [MESSAGE][INFO] - Starting 'Chrome (headless)' driver

13-04-2025T22:05:12 - [MESSAGE][INFO] - User set preference: ['args', '[--disable-features=SafeBrowsing,PasswordLeakToggleMove]']

13-04-2025T22:05:12 - [MESSAGE][INFO] - Action delay is set to 0 milliseconds

13-04-2025T22:05:18 - [MESSAGE][PASSED] - Browser is opened with url: ''

13-04-2025T22:05:18 - [TEST_STEP][PASSED] - navigateToUrl("https://katalon-demo-cura.herokuapp.com/"): Navigate to 'https://katalon-demo-cura.herokuapp.com/' successfully

13-04-2025T22:05:20 - [MESSAGE][PASSED] - Navigate to 'https://katalon-demo-cura.herokuapp.com/' successfully

13-04-2025T22:05:20 - [TEST_STEP][PASSED] - click(findTestObject("Object Repository/Website/Page_CURA Healthcare Service/a_Make Appointment")): Object: 'Object Repository/Website/Page_CURA Healthcare Service/a_Make Appointment' is clicked on

13-04-2025T22:05:22 - [MESSAGE][PASSED] - Object: 'Object Repository/Website/Page_CURA Healthcare Service/a_Make Appointment' is clicked on

13-04-2025T22:05:22 - [TEST_STEP][PASSED] - setText(findTestObject("Object Repository/Website/Page_CURA Healthcare Service/input_Username_username"), "John Doe"): Text 'John Doe' is set on object 'Object Repository/Website/Page_CURA Healthcare Service/input_Username_username'

13-04-2025T22:05:22 - [MESSAGE][PASSED] - Text 'John Doe' is set on object 'Object Repository/Website/Page_CURA Healthcare Service/input_Username_username'

13-04-2025T22:05:22 - [TEST_STEP][PASSED] - setEncryptedText(findTestObject("Object Repository/Website/Page_CURA Healthcare Service/input_Password_password"), "g3/DOGG74jC3Flrr3yH+3D/yKbOqqUNM"): Text ****** has been set on object 'Object Repository/Website/Page_CURA Healthcare Service/input_Password_password'

13-04-2025T22:05:23 - [MESSAGE][PASSED] - Text ****** has been set on object 'Object Repository/Website/Page_CURA Healthcare Service/input_Password_password'

13-04-2025T22:05:23 - [TEST_STEP][PASSED] - click(findTestObject("Object Repository/Website/Page_CURA Healthcare Service/button_Login")): Object: 'Object Repository/Website/Page_CURA Healthcare Service/button_Login' is clicked on

13-04-2025T22:05:24 - [MESSAGE][PASSED] - Object: 'Object Repository/Website/Page_CURA Healthcare Service/button_Login' is clicked on

13-04-2025T22:05:24 - [TEST_STEP][PASSED] - selectOptionByValue(findTestObject("Object Repository/Website/Page_CURA Healthcare Service/select_Tokyo CURA Healthcare Center        _5b4107"), "Hongkong CURA Healthcare Center", true): All options with value 'Hongkong CURA Healthcare Center' are selected in object 'Object Repository/Website/Page_CURA Healthcare Service/select_Tokyo CURA Healthcare Center        _5b4107'  using regular expression

13-04-2025T22:05:25 - [MESSAGE][PASSED] - All options with value 'Hongkong CURA Healthcare Center' are selected in object 'Object Repository/Website/Page_CURA Healthcare Service/select_Tokyo CURA Healthcare Center        _5b4107'  using regular expression

13-04-2025T22:05:25 - [TEST_STEP][PASSED] - click(findTestObject("Object Repository/Website/Page_CURA Healthcare Service/input_Apply for hospital readmission_hospit_63901f")): Object: 'Object Repository/Website/Page_CURA Healthcare Service/input_Apply for hospital readmission_hospit_63901f' is clicked on

13-04-2025T22:05:25 - [MESSAGE][PASSED] - Object: 'Object Repository/Website/Page_CURA Healthcare Service/input_Apply for hospital readmission_hospit_63901f' is clicked on

13-04-2025T22:05:25 - [TEST_STEP][PASSED] - click(findTestObject("Object Repository/Website/Page_CURA Healthcare Service/input_Medicaid_programs")): Object: 'Object Repository/Website/Page_CURA Healthcare Service/input_Medicaid_programs' is clicked on

13-04-2025T22:05:26 - [MESSAGE][PASSED] - Object: 'Object Repository/Website/Page_CURA Healthcare Service/input_Medicaid_programs' is clicked on

13-04-2025T22:05:26 - [TEST_STEP][PASSED] - click(findTestObject("Object Repository/Website/Page_CURA Healthcare Service/div_Visit Date (Required)_input-group-addon")): Object: 'Object Repository/Website/Page_CURA Healthcare Service/div_Visit Date (Required)_input-group-addon' is clicked on

13-04-2025T22:05:26 - [MESSAGE][PASSED] - Object: 'Object Repository/Website/Page_CURA Healthcare Service/div_Visit Date (Required)_input-group-addon' is clicked on

13-04-2025T22:05:26 - [TEST_STEP][PASSED] - click(findTestObject("Object Repository/Website/Page_CURA Healthcare Service/td_30")): Object: 'Object Repository/Website/Page_CURA Healthcare Service/td_30' is clicked on

13-04-2025T22:05:27 - [MESSAGE][PASSED] - Object: 'Object Repository/Website/Page_CURA Healthcare Service/td_30' is clicked on

13-04-2025T22:05:27 - [TEST_STEP][PASSED] - setText(findTestObject("Object Repository/Website/Page_CURA Healthcare Service/textarea_Comment_comment"), findTestData("TestData_Website_01").getValue("comment", 2)): Text 'Not Okey' is set on object 'Object Repository/Website/Page_CURA Healthcare Service/textarea_Comment_comment'

13-04-2025T22:05:28 - [MESSAGE][PASSED] - Text 'Not Okey' is set on object 'Object Repository/Website/Page_CURA Healthcare Service/textarea_Comment_comment'

13-04-2025T22:05:28 - [TEST_STEP][PASSED] - click(findTestObject("Object Repository/Website/Page_CURA Healthcare Service/button_Book Appointment")): Object: 'Object Repository/Website/Page_CURA Healthcare Service/button_Book Appointment' is clicked on

13-04-2025T22:05:29 - [MESSAGE][PASSED] - Object: 'Object Repository/Website/Page_CURA Healthcare Service/button_Book Appointment' is clicked on

13-04-2025T22:05:29 - [TEST_STEP][PASSED] - click(findTestObject("Object Repository/Website/Page_CURA Healthcare Service/h2_Appointment Confirmation")): Object: 'Object Repository/Website/Page_CURA Healthcare Service/h2_Appointment Confirmation' is clicked on

13-04-2025T22:05:29 - [MESSAGE][PASSED] - Object: 'Object Repository/Website/Page_CURA Healthcare Service/h2_Appointment Confirmation' is clicked on

13-04-2025T22:05:29 - [TEST_STEP][PASSED] - verifyElementText(findTestObject("Object Repository/Website/Page_CURA Healthcare Service/h2_Appointment Confirmation"), "Appointment Confirmation"): Actual text and expected text of test object 'Object Repository/Website/Page_CURA Healthcare Service/h2_Appointment Confirmation' are matched.

13-04-2025T22:05:30 - [MESSAGE][PASSED] - Actual text and expected text of test object 'Object Repository/Website/Page_CURA Healthcare Service/h2_Appointment Confirmation' are matched.

13-04-2025T22:05:30 - [TEST_STEP][PASSED] - closeBrowser(): Browser is closed

13-04-2025T22:05:30 - [MESSAGE][PASSED] - Browser is closed]]></system-out>
         <system-err><![CDATA[]]></system-err>
      </testcase>
      <system-out><![CDATA[13-04-2025T22:05:09 - [TEST_SUITE][PASSED] - TS_11: Test Cases/WEB/TC01_Load Page]]></system-out>
      <system-err><![CDATA[]]></system-err>
   </testsuite>
</testsuites>
