<?xml version="1.0" encoding="UTF-8"?>
<testsuites name="TS_09" time="32.602" tests="5" failures="0" errors="0">
   <testsuite name="TS_09" tests="5" failures="0" errors="0" time="32.602" skipped="0" timestamp="12-04-2025T21:58:42" hostname="Admin - 192.168.1.10" id="Test Suites/TS_09">
      <properties>
         <property name="deviceName" value=""/>
         <property name="devicePlatform"/>
         <property name="logFolder" value="E:\\Katalon Projects\\HungDNCProject2025\\Reports\\20250412_215755\\TS_09\\20250412_215758"/>
         <property name="logFiles" value="E:\\Katalon Projects\\HungDNCProject2025\\Reports\\20250412_215755\\TS_09\\20250412_215758\\execution0.log"/>
         <property name="attachments" value=""/>
         <property name="hostName" value="Admin - 192.168.1.10"/>
         <property name="os" value="Windows 11 64bit"/>
         <property name="katalonVersion" value="9.7.5.223"/>
         <property name="browser" value="Chrome 135.0.0.0"/>
         <property name="hostAddress" value="192.168.1.10"/>
         <property name="sessionId" value="2d16a1da97777318f8f909086fc5e920"/>
         <property name="seleniumVersion" value="3.141.59"/>
         <property name="proxyInformation" value="ProxyInformation { proxyOption=NO_PROXY, proxyServerType=HTTP, username=, password=********, proxyServerAddress=, proxyServerPort=0, executionList=&quot;&quot;, isApplyToDesiredCapabilities=true }"/>
         <property name="platform" value="Windows 11"/>
      </properties>
      <testcase name="Test Cases/WEB/TC45_Login_45" time="7.147" classname="Test Cases/WEB/TC45_Login_45" status="PASSED">
         <system-out><![CDATA[12-04-2025T21:58:42 - [TEST_CASE][PASSED] - Test Cases/WEB/TC45_Login_45: Test Cases/WEB/TC45_Login_45

12-04-2025T21:58:42 - [TEST_STEP][PASSED] - openBrowser(""): Browser is opened with url: ''

12-04-2025T21:58:42 - [MESSAGE][INFO] - Starting 'Chrome' driver

12-04-2025T21:58:42 - [MESSAGE][INFO] - Action delay is set to 0 milliseconds

12-04-2025T21:58:44 - [MESSAGE][PASSED] - Browser is opened with url: ''

12-04-2025T21:58:44 - [TEST_STEP][PASSED] - navigateToUrl("https://katalon-demo-cura.herokuapp.com/"): Navigate to 'https://katalon-demo-cura.herokuapp.com/' successfully

12-04-2025T21:58:46 - [MESSAGE][PASSED] - Navigate to 'https://katalon-demo-cura.herokuapp.com/' successfully

12-04-2025T21:58:46 - [TEST_STEP][PASSED] - click(findTestObject("Object Repository/Website/Page_CURA Healthcare Service/a_Make Appointment")): Object: 'Object Repository/Website/Page_CURA Healthcare Service/a_Make Appointment' is clicked on

12-04-2025T21:58:47 - [MESSAGE][PASSED] - Object: 'Object Repository/Website/Page_CURA Healthcare Service/a_Make Appointment' is clicked on

12-04-2025T21:58:47 - [TEST_STEP][PASSED] - setText(findTestObject("Object Repository/Website/Page_CURA Healthcare Service/input_Username_username"), "John Doe"): Text 'John Doe' is set on object 'Object Repository/Website/Page_CURA Healthcare Service/input_Username_username'

12-04-2025T21:58:47 - [MESSAGE][PASSED] - Text 'John Doe' is set on object 'Object Repository/Website/Page_CURA Healthcare Service/input_Username_username'

12-04-2025T21:58:47 - [TEST_STEP][PASSED] - setEncryptedText(findTestObject("Object Repository/Website/Page_CURA Healthcare Service/input_Password_password"), "g3/DOGG74jC3Flrr3yH+3D/yKbOqqUNM"): Text ****** has been set on object 'Object Repository/Website/Page_CURA Healthcare Service/input_Password_password'

12-04-2025T21:58:48 - [MESSAGE][PASSED] - Text ****** has been set on object 'Object Repository/Website/Page_CURA Healthcare Service/input_Password_password'

12-04-2025T21:58:48 - [TEST_STEP][PASSED] - click(findTestObject("Object Repository/Website/Page_CURA Healthcare Service/button_Login")): Object: 'Object Repository/Website/Page_CURA Healthcare Service/button_Login' is clicked on

12-04-2025T21:58:49 - [MESSAGE][PASSED] - Object: 'Object Repository/Website/Page_CURA Healthcare Service/button_Login' is clicked on

12-04-2025T21:58:49 - [TEST_STEP][PASSED] - closeBrowser(): Browser is closed

12-04-2025T21:58:49 - [MESSAGE][PASSED] - Browser is closed]]></system-out>
         <system-err><![CDATA[]]></system-err>
      </testcase>
      <testcase name="Test Cases/WEB/TC44_Login_44" time="6.359" classname="Test Cases/WEB/TC44_Login_44" status="PASSED">
         <system-out><![CDATA[12-04-2025T21:58:49 - [TEST_CASE][PASSED] - Test Cases/WEB/TC44_Login_44: Test Cases/WEB/TC44_Login_44

12-04-2025T21:58:49 - [TEST_STEP][PASSED] - openBrowser(""): Browser is opened with url: ''

12-04-2025T21:58:49 - [MESSAGE][INFO] - Starting 'Chrome' driver

12-04-2025T21:58:49 - [MESSAGE][INFO] - Action delay is set to 0 milliseconds

12-04-2025T21:58:50 - [MESSAGE][PASSED] - Browser is opened with url: ''

12-04-2025T21:58:50 - [TEST_STEP][PASSED] - navigateToUrl("https://katalon-demo-cura.herokuapp.com/"): Navigate to 'https://katalon-demo-cura.herokuapp.com/' successfully

12-04-2025T21:58:52 - [MESSAGE][PASSED] - Navigate to 'https://katalon-demo-cura.herokuapp.com/' successfully

12-04-2025T21:58:52 - [TEST_STEP][PASSED] - click(findTestObject("Object Repository/Website/Page_CURA Healthcare Service/a_Make Appointment")): Object: 'Object Repository/Website/Page_CURA Healthcare Service/a_Make Appointment' is clicked on

12-04-2025T21:58:53 - [MESSAGE][PASSED] - Object: 'Object Repository/Website/Page_CURA Healthcare Service/a_Make Appointment' is clicked on

12-04-2025T21:58:53 - [TEST_STEP][PASSED] - setText(findTestObject("Object Repository/Website/Page_CURA Healthcare Service/input_Username_username"), "John Doe"): Text 'John Doe' is set on object 'Object Repository/Website/Page_CURA Healthcare Service/input_Username_username'

12-04-2025T21:58:54 - [MESSAGE][PASSED] - Text 'John Doe' is set on object 'Object Repository/Website/Page_CURA Healthcare Service/input_Username_username'

12-04-2025T21:58:54 - [TEST_STEP][PASSED] - setEncryptedText(findTestObject("Object Repository/Website/Page_CURA Healthcare Service/input_Password_password"), "g3/DOGG74jC3Flrr3yH+3D/yKbOqqUNM"): Text ****** has been set on object 'Object Repository/Website/Page_CURA Healthcare Service/input_Password_password'

12-04-2025T21:58:54 - [MESSAGE][PASSED] - Text ****** has been set on object 'Object Repository/Website/Page_CURA Healthcare Service/input_Password_password'

12-04-2025T21:58:54 - [TEST_STEP][PASSED] - click(findTestObject("Object Repository/Website/Page_CURA Healthcare Service/button_Login")): Object: 'Object Repository/Website/Page_CURA Healthcare Service/button_Login' is clicked on

12-04-2025T21:58:55 - [MESSAGE][PASSED] - Object: 'Object Repository/Website/Page_CURA Healthcare Service/button_Login' is clicked on

12-04-2025T21:58:55 - [TEST_STEP][PASSED] - closeBrowser(): Browser is closed

12-04-2025T21:58:55 - [MESSAGE][PASSED] - Browser is closed]]></system-out>
         <system-err><![CDATA[]]></system-err>
      </testcase>
      <testcase name="Test Cases/WEB/TC43_Login_43" time="6.303" classname="Test Cases/WEB/TC43_Login_43" status="PASSED">
         <system-out><![CDATA[12-04-2025T21:58:55 - [TEST_CASE][PASSED] - Test Cases/WEB/TC43_Login_43: Test Cases/WEB/TC43_Login_43

12-04-2025T21:58:55 - [TEST_STEP][PASSED] - openBrowser(""): Browser is opened with url: ''

12-04-2025T21:58:55 - [MESSAGE][INFO] - Starting 'Chrome' driver

12-04-2025T21:58:55 - [MESSAGE][INFO] - Action delay is set to 0 milliseconds

12-04-2025T21:58:56 - [MESSAGE][PASSED] - Browser is opened with url: ''

12-04-2025T21:58:56 - [TEST_STEP][PASSED] - navigateToUrl("https://katalon-demo-cura.herokuapp.com/"): Navigate to 'https://katalon-demo-cura.herokuapp.com/' successfully

12-04-2025T21:58:59 - [MESSAGE][PASSED] - Navigate to 'https://katalon-demo-cura.herokuapp.com/' successfully

12-04-2025T21:58:59 - [TEST_STEP][PASSED] - click(findTestObject("Object Repository/Website/Page_CURA Healthcare Service/a_Make Appointment")): Object: 'Object Repository/Website/Page_CURA Healthcare Service/a_Make Appointment' is clicked on

12-04-2025T21:58:59 - [MESSAGE][PASSED] - Object: 'Object Repository/Website/Page_CURA Healthcare Service/a_Make Appointment' is clicked on

12-04-2025T21:58:59 - [TEST_STEP][PASSED] - setText(findTestObject("Object Repository/Website/Page_CURA Healthcare Service/input_Username_username"), "John Doe"): Text 'John Doe' is set on object 'Object Repository/Website/Page_CURA Healthcare Service/input_Username_username'

12-04-2025T21:59:00 - [MESSAGE][PASSED] - Text 'John Doe' is set on object 'Object Repository/Website/Page_CURA Healthcare Service/input_Username_username'

12-04-2025T21:59:00 - [TEST_STEP][PASSED] - setEncryptedText(findTestObject("Object Repository/Website/Page_CURA Healthcare Service/input_Password_password"), "g3/DOGG74jC3Flrr3yH+3D/yKbOqqUNM"): Text ****** has been set on object 'Object Repository/Website/Page_CURA Healthcare Service/input_Password_password'

12-04-2025T21:59:01 - [MESSAGE][PASSED] - Text ****** has been set on object 'Object Repository/Website/Page_CURA Healthcare Service/input_Password_password'

12-04-2025T21:59:01 - [TEST_STEP][PASSED] - click(findTestObject("Object Repository/Website/Page_CURA Healthcare Service/button_Login")): Object: 'Object Repository/Website/Page_CURA Healthcare Service/button_Login' is clicked on

12-04-2025T21:59:01 - [MESSAGE][PASSED] - Object: 'Object Repository/Website/Page_CURA Healthcare Service/button_Login' is clicked on

12-04-2025T21:59:01 - [TEST_STEP][PASSED] - closeBrowser(): Browser is closed

12-04-2025T21:59:02 - [MESSAGE][PASSED] - Browser is closed]]></system-out>
         <system-err><![CDATA[]]></system-err>
      </testcase>
      <testcase name="Test Cases/WEB/TC42_Login_42" time="6.183" classname="Test Cases/WEB/TC42_Login_42" status="PASSED">
         <system-out><![CDATA[12-04-2025T21:59:02 - [TEST_CASE][PASSED] - Test Cases/WEB/TC42_Login_42: Test Cases/WEB/TC42_Login_42

12-04-2025T21:59:02 - [TEST_STEP][PASSED] - openBrowser(""): Browser is opened with url: ''

12-04-2025T21:59:02 - [MESSAGE][INFO] - Starting 'Chrome' driver

12-04-2025T21:59:02 - [MESSAGE][INFO] - Action delay is set to 0 milliseconds

12-04-2025T21:59:02 - [MESSAGE][PASSED] - Browser is opened with url: ''

12-04-2025T21:59:02 - [TEST_STEP][PASSED] - navigateToUrl("https://katalon-demo-cura.herokuapp.com/"): Navigate to 'https://katalon-demo-cura.herokuapp.com/' successfully

12-04-2025T21:59:05 - [MESSAGE][PASSED] - Navigate to 'https://katalon-demo-cura.herokuapp.com/' successfully

12-04-2025T21:59:05 - [TEST_STEP][PASSED] - click(findTestObject("Object Repository/Website/Page_CURA Healthcare Service/a_Make Appointment")): Object: 'Object Repository/Website/Page_CURA Healthcare Service/a_Make Appointment' is clicked on

12-04-2025T21:59:06 - [MESSAGE][PASSED] - Object: 'Object Repository/Website/Page_CURA Healthcare Service/a_Make Appointment' is clicked on

12-04-2025T21:59:06 - [TEST_STEP][PASSED] - setText(findTestObject("Object Repository/Website/Page_CURA Healthcare Service/input_Username_username"), "John Doe"): Text 'John Doe' is set on object 'Object Repository/Website/Page_CURA Healthcare Service/input_Username_username'

12-04-2025T21:59:06 - [MESSAGE][PASSED] - Text 'John Doe' is set on object 'Object Repository/Website/Page_CURA Healthcare Service/input_Username_username'

12-04-2025T21:59:06 - [TEST_STEP][PASSED] - setEncryptedText(findTestObject("Object Repository/Website/Page_CURA Healthcare Service/input_Password_password"), "g3/DOGG74jC3Flrr3yH+3D/yKbOqqUNM"): Text ****** has been set on object 'Object Repository/Website/Page_CURA Healthcare Service/input_Password_password'

12-04-2025T21:59:07 - [MESSAGE][PASSED] - Text ****** has been set on object 'Object Repository/Website/Page_CURA Healthcare Service/input_Password_password'

12-04-2025T21:59:07 - [TEST_STEP][PASSED] - click(findTestObject("Object Repository/Website/Page_CURA Healthcare Service/button_Login")): Object: 'Object Repository/Website/Page_CURA Healthcare Service/button_Login' is clicked on

12-04-2025T21:59:08 - [MESSAGE][PASSED] - Object: 'Object Repository/Website/Page_CURA Healthcare Service/button_Login' is clicked on

12-04-2025T21:59:08 - [TEST_STEP][PASSED] - closeBrowser(): Browser is closed

12-04-2025T21:59:08 - [MESSAGE][PASSED] - Browser is closed]]></system-out>
         <system-err><![CDATA[]]></system-err>
      </testcase>
      <testcase name="Test Cases/WEB/TC41_Login_41" time="6.463" classname="Test Cases/WEB/TC41_Login_41" status="PASSED">
         <system-out><![CDATA[12-04-2025T21:59:08 - [TEST_CASE][PASSED] - Test Cases/WEB/TC41_Login_41: Test Cases/WEB/TC41_Login_41

12-04-2025T21:59:08 - [TEST_STEP][PASSED] - openBrowser(""): Browser is opened with url: ''

12-04-2025T21:59:08 - [MESSAGE][INFO] - Starting 'Chrome' driver

12-04-2025T21:59:08 - [MESSAGE][INFO] - Action delay is set to 0 milliseconds

12-04-2025T21:59:09 - [MESSAGE][PASSED] - Browser is opened with url: ''

12-04-2025T21:59:09 - [TEST_STEP][PASSED] - navigateToUrl("https://katalon-demo-cura.herokuapp.com/"): Navigate to 'https://katalon-demo-cura.herokuapp.com/' successfully

12-04-2025T21:59:11 - [MESSAGE][PASSED] - Navigate to 'https://katalon-demo-cura.herokuapp.com/' successfully

12-04-2025T21:59:11 - [TEST_STEP][PASSED] - click(findTestObject("Object Repository/Website/Page_CURA Healthcare Service/a_Make Appointment")): Object: 'Object Repository/Website/Page_CURA Healthcare Service/a_Make Appointment' is clicked on

12-04-2025T21:59:12 - [MESSAGE][PASSED] - Object: 'Object Repository/Website/Page_CURA Healthcare Service/a_Make Appointment' is clicked on

12-04-2025T21:59:12 - [TEST_STEP][PASSED] - setText(findTestObject("Object Repository/Website/Page_CURA Healthcare Service/input_Username_username"), "John Doe"): Text 'John Doe' is set on object 'Object Repository/Website/Page_CURA Healthcare Service/input_Username_username'

12-04-2025T21:59:13 - [MESSAGE][PASSED] - Text 'John Doe' is set on object 'Object Repository/Website/Page_CURA Healthcare Service/input_Username_username'

12-04-2025T21:59:13 - [TEST_STEP][PASSED] - setEncryptedText(findTestObject("Object Repository/Website/Page_CURA Healthcare Service/input_Password_password"), "g3/DOGG74jC3Flrr3yH+3D/yKbOqqUNM"): Text ****** has been set on object 'Object Repository/Website/Page_CURA Healthcare Service/input_Password_password'

12-04-2025T21:59:13 - [MESSAGE][PASSED] - Text ****** has been set on object 'Object Repository/Website/Page_CURA Healthcare Service/input_Password_password'

12-04-2025T21:59:13 - [TEST_STEP][PASSED] - click(findTestObject("Object Repository/Website/Page_CURA Healthcare Service/button_Login")): Object: 'Object Repository/Website/Page_CURA Healthcare Service/button_Login' is clicked on

12-04-2025T21:59:14 - [MESSAGE][PASSED] - Object: 'Object Repository/Website/Page_CURA Healthcare Service/button_Login' is clicked on

12-04-2025T21:59:14 - [TEST_STEP][PASSED] - closeBrowser(): Browser is closed

12-04-2025T21:59:14 - [MESSAGE][PASSED] - Browser is closed]]></system-out>
         <system-err><![CDATA[]]></system-err>
      </testcase>
      <system-out><![CDATA[12-04-2025T21:58:42 - [TEST_SUITE][PASSED] - TS_09: Test Cases/WEB/TC41_Login_41]]></system-out>
      <system-err><![CDATA[]]></system-err>
   </testsuite>
</testsuites>
