<?xml version="1.0" encoding="UTF-8"?>
<testsuites name="TS_02" time="30.861" tests="5" failures="0" errors="0">
   <testsuite name="TS_02" tests="5" failures="0" errors="0" time="30.861" skipped="0" timestamp="13-04-2025T20:28:23" hostname="Admin - 192.168.1.10" id="Test Suites/TS_02">
      <properties>
         <property name="deviceName" value=""/>
         <property name="devicePlatform"/>
         <property name="logFolder" value="E:\\Katalon Projects\\HungDNCProject2025\\Reports\\20250413_202819\\TS_02\\20250413_202819"/>
         <property name="logFiles" value="E:\\Katalon Projects\\HungDNCProject2025\\Reports\\20250413_202819\\TS_02\\20250413_202819\\execution0.log"/>
         <property name="attachments" value=""/>
         <property name="hostName" value="Admin - 192.168.1.10"/>
         <property name="os" value="Windows 11 64bit"/>
         <property name="katalonVersion" value="9.7.5.223"/>
         <property name="browser" value="Chrome 135.0.0.0"/>
         <property name="hostAddress" value="192.168.1.10"/>
         <property name="sessionId" value="bafdc557f6d726715dec128b7e3f58fd"/>
         <property name="seleniumVersion" value="3.141.59"/>
         <property name="proxyInformation" value="ProxyInformation { proxyOption=NO_PROXY, proxyServerType=HTTP, username=, password=********, proxyServerAddress=, proxyServerPort=0, executionList=&quot;&quot;, isApplyToDesiredCapabilities=true }"/>
         <property name="platform" value="Windows 11"/>
      </properties>
      <testcase name="Test Cases/WEB/TC10_Login_10" time="7.259" classname="Test Cases/WEB/TC10_Login_10" status="PASSED">
         <system-out><![CDATA[13-04-2025T20:28:23 - [TEST_CASE][PASSED] - Test Cases/WEB/TC10_Login_10: Test Cases/WEB/TC10_Login_10

13-04-2025T20:28:23 - [TEST_STEP][PASSED] - openBrowser(""): Browser is opened with url: ''

13-04-2025T20:28:24 - [MESSAGE][INFO] - Starting 'Chrome' driver

13-04-2025T20:28:24 - [MESSAGE][INFO] - User set preference: ['args2', '--disable-features=SafeBrowsing,PasswordLeakToggleMove']

13-04-2025T20:28:24 - [MESSAGE][INFO] - Action delay is set to 0 milliseconds

13-04-2025T20:28:25 - [MESSAGE][PASSED] - Browser is opened with url: ''

13-04-2025T20:28:25 - [TEST_STEP][PASSED] - navigateToUrl("https://katalon-demo-cura.herokuapp.com/"): Navigate to 'https://katalon-demo-cura.herokuapp.com/' successfully

13-04-2025T20:28:28 - [MESSAGE][PASSED] - Navigate to 'https://katalon-demo-cura.herokuapp.com/' successfully

13-04-2025T20:28:28 - [TEST_STEP][PASSED] - click(findTestObject("Object Repository/Website/Page_CURA Healthcare Service/a_Make Appointment")): Object: 'Object Repository/Website/Page_CURA Healthcare Service/a_Make Appointment' is clicked on

13-04-2025T20:28:28 - [MESSAGE][PASSED] - Object: 'Object Repository/Website/Page_CURA Healthcare Service/a_Make Appointment' is clicked on

13-04-2025T20:28:28 - [TEST_STEP][PASSED] - setText(findTestObject("Object Repository/Website/Page_CURA Healthcare Service/input_Username_username"), "John Doe"): Text 'John Doe' is set on object 'Object Repository/Website/Page_CURA Healthcare Service/input_Username_username'

13-04-2025T20:28:29 - [MESSAGE][PASSED] - Text 'John Doe' is set on object 'Object Repository/Website/Page_CURA Healthcare Service/input_Username_username'

13-04-2025T20:28:29 - [TEST_STEP][PASSED] - setEncryptedText(findTestObject("Object Repository/Website/Page_CURA Healthcare Service/input_Password_password"), "g3/DOGG74jC3Flrr3yH+3D/yKbOqqUNM"): Text ****** has been set on object 'Object Repository/Website/Page_CURA Healthcare Service/input_Password_password'

13-04-2025T20:28:29 - [MESSAGE][PASSED] - Text ****** has been set on object 'Object Repository/Website/Page_CURA Healthcare Service/input_Password_password'

13-04-2025T20:28:29 - [TEST_STEP][PASSED] - click(findTestObject("Object Repository/Website/Page_CURA Healthcare Service/button_Login")): Object: 'Object Repository/Website/Page_CURA Healthcare Service/button_Login' is clicked on

13-04-2025T20:28:30 - [MESSAGE][PASSED] - Object: 'Object Repository/Website/Page_CURA Healthcare Service/button_Login' is clicked on

13-04-2025T20:28:30 - [TEST_STEP][PASSED] - closeBrowser(): Browser is closed

13-04-2025T20:28:30 - [MESSAGE][PASSED] - Browser is closed]]></system-out>
         <system-err><![CDATA[]]></system-err>
      </testcase>
      <testcase name="Test Cases/WEB/TC09_Login_09" time="6.045" classname="Test Cases/WEB/TC09_Login_09" status="PASSED">
         <system-out><![CDATA[13-04-2025T20:28:30 - [TEST_CASE][PASSED] - Test Cases/WEB/TC09_Login_09: Test Cases/WEB/TC09_Login_09

13-04-2025T20:28:30 - [TEST_STEP][PASSED] - openBrowser(""): Browser is opened with url: ''

13-04-2025T20:28:30 - [MESSAGE][INFO] - Starting 'Chrome' driver

13-04-2025T20:28:30 - [MESSAGE][INFO] - User set preference: ['args2', '--disable-features=SafeBrowsing,PasswordLeakToggleMove']

13-04-2025T20:28:30 - [MESSAGE][INFO] - Action delay is set to 0 milliseconds

13-04-2025T20:28:31 - [MESSAGE][PASSED] - Browser is opened with url: ''

13-04-2025T20:28:31 - [TEST_STEP][PASSED] - navigateToUrl("https://katalon-demo-cura.herokuapp.com/"): Navigate to 'https://katalon-demo-cura.herokuapp.com/' successfully

13-04-2025T20:28:34 - [MESSAGE][PASSED] - Navigate to 'https://katalon-demo-cura.herokuapp.com/' successfully

13-04-2025T20:28:34 - [TEST_STEP][PASSED] - click(findTestObject("Object Repository/Website/Page_CURA Healthcare Service/a_Make Appointment")): Object: 'Object Repository/Website/Page_CURA Healthcare Service/a_Make Appointment' is clicked on

13-04-2025T20:28:34 - [MESSAGE][PASSED] - Object: 'Object Repository/Website/Page_CURA Healthcare Service/a_Make Appointment' is clicked on

13-04-2025T20:28:34 - [TEST_STEP][PASSED] - setText(findTestObject("Object Repository/Website/Page_CURA Healthcare Service/input_Username_username"), "John Doe"): Text 'John Doe' is set on object 'Object Repository/Website/Page_CURA Healthcare Service/input_Username_username'

13-04-2025T20:28:35 - [MESSAGE][PASSED] - Text 'John Doe' is set on object 'Object Repository/Website/Page_CURA Healthcare Service/input_Username_username'

13-04-2025T20:28:35 - [TEST_STEP][PASSED] - setEncryptedText(findTestObject("Object Repository/Website/Page_CURA Healthcare Service/input_Password_password"), "g3/DOGG74jC3Flrr3yH+3D/yKbOqqUNM"): Text ****** has been set on object 'Object Repository/Website/Page_CURA Healthcare Service/input_Password_password'

13-04-2025T20:28:35 - [MESSAGE][PASSED] - Text ****** has been set on object 'Object Repository/Website/Page_CURA Healthcare Service/input_Password_password'

13-04-2025T20:28:35 - [TEST_STEP][PASSED] - click(findTestObject("Object Repository/Website/Page_CURA Healthcare Service/button_Login")): Object: 'Object Repository/Website/Page_CURA Healthcare Service/button_Login' is clicked on

13-04-2025T20:28:36 - [MESSAGE][PASSED] - Object: 'Object Repository/Website/Page_CURA Healthcare Service/button_Login' is clicked on

13-04-2025T20:28:36 - [TEST_STEP][PASSED] - closeBrowser(): Browser is closed

13-04-2025T20:28:36 - [MESSAGE][PASSED] - Browser is closed]]></system-out>
         <system-err><![CDATA[]]></system-err>
      </testcase>
      <testcase name="Test Cases/WEB/TC08_Login_08" time="5.807" classname="Test Cases/WEB/TC08_Login_08" status="PASSED">
         <system-out><![CDATA[13-04-2025T20:28:36 - [TEST_CASE][PASSED] - Test Cases/WEB/TC08_Login_08: Test Cases/WEB/TC08_Login_08

13-04-2025T20:28:36 - [TEST_STEP][PASSED] - openBrowser(""): Browser is opened with url: ''

13-04-2025T20:28:36 - [MESSAGE][INFO] - Starting 'Chrome' driver

13-04-2025T20:28:36 - [MESSAGE][INFO] - User set preference: ['args2', '--disable-features=SafeBrowsing,PasswordLeakToggleMove']

13-04-2025T20:28:36 - [MESSAGE][INFO] - Action delay is set to 0 milliseconds

13-04-2025T20:28:37 - [MESSAGE][PASSED] - Browser is opened with url: ''

13-04-2025T20:28:37 - [TEST_STEP][PASSED] - navigateToUrl("https://katalon-demo-cura.herokuapp.com/"): Navigate to 'https://katalon-demo-cura.herokuapp.com/' successfully

13-04-2025T20:28:40 - [MESSAGE][PASSED] - Navigate to 'https://katalon-demo-cura.herokuapp.com/' successfully

13-04-2025T20:28:40 - [TEST_STEP][PASSED] - click(findTestObject("Object Repository/Website/Page_CURA Healthcare Service/a_Make Appointment")): Object: 'Object Repository/Website/Page_CURA Healthcare Service/a_Make Appointment' is clicked on

13-04-2025T20:28:40 - [MESSAGE][PASSED] - Object: 'Object Repository/Website/Page_CURA Healthcare Service/a_Make Appointment' is clicked on

13-04-2025T20:28:40 - [TEST_STEP][PASSED] - setText(findTestObject("Object Repository/Website/Page_CURA Healthcare Service/input_Username_username"), "John Doe"): Text 'John Doe' is set on object 'Object Repository/Website/Page_CURA Healthcare Service/input_Username_username'

13-04-2025T20:28:41 - [MESSAGE][PASSED] - Text 'John Doe' is set on object 'Object Repository/Website/Page_CURA Healthcare Service/input_Username_username'

13-04-2025T20:28:41 - [TEST_STEP][PASSED] - setEncryptedText(findTestObject("Object Repository/Website/Page_CURA Healthcare Service/input_Password_password"), "g3/DOGG74jC3Flrr3yH+3D/yKbOqqUNM"): Text ****** has been set on object 'Object Repository/Website/Page_CURA Healthcare Service/input_Password_password'

13-04-2025T20:28:41 - [MESSAGE][PASSED] - Text ****** has been set on object 'Object Repository/Website/Page_CURA Healthcare Service/input_Password_password'

13-04-2025T20:28:41 - [TEST_STEP][PASSED] - click(findTestObject("Object Repository/Website/Page_CURA Healthcare Service/button_Login")): Object: 'Object Repository/Website/Page_CURA Healthcare Service/button_Login' is clicked on

13-04-2025T20:28:42 - [MESSAGE][PASSED] - Object: 'Object Repository/Website/Page_CURA Healthcare Service/button_Login' is clicked on

13-04-2025T20:28:42 - [TEST_STEP][PASSED] - closeBrowser(): Browser is closed

13-04-2025T20:28:42 - [MESSAGE][PASSED] - Browser is closed]]></system-out>
         <system-err><![CDATA[]]></system-err>
      </testcase>
      <testcase name="Test Cases/WEB/TC07_Login_07" time="5.76" classname="Test Cases/WEB/TC07_Login_07" status="PASSED">
         <system-out><![CDATA[13-04-2025T20:28:42 - [TEST_CASE][PASSED] - Test Cases/WEB/TC07_Login_07: Test Cases/WEB/TC07_Login_07

13-04-2025T20:28:42 - [TEST_STEP][PASSED] - openBrowser(""): Browser is opened with url: ''

13-04-2025T20:28:42 - [MESSAGE][INFO] - Starting 'Chrome' driver

13-04-2025T20:28:42 - [MESSAGE][INFO] - User set preference: ['args2', '--disable-features=SafeBrowsing,PasswordLeakToggleMove']

13-04-2025T20:28:42 - [MESSAGE][INFO] - Action delay is set to 0 milliseconds

13-04-2025T20:28:43 - [MESSAGE][PASSED] - Browser is opened with url: ''

13-04-2025T20:28:43 - [TEST_STEP][PASSED] - navigateToUrl("https://katalon-demo-cura.herokuapp.com/"): Navigate to 'https://katalon-demo-cura.herokuapp.com/' successfully

13-04-2025T20:28:45 - [MESSAGE][PASSED] - Navigate to 'https://katalon-demo-cura.herokuapp.com/' successfully

13-04-2025T20:28:45 - [TEST_STEP][PASSED] - click(findTestObject("Object Repository/Website/Page_CURA Healthcare Service/a_Make Appointment")): Object: 'Object Repository/Website/Page_CURA Healthcare Service/a_Make Appointment' is clicked on

13-04-2025T20:28:46 - [MESSAGE][PASSED] - Object: 'Object Repository/Website/Page_CURA Healthcare Service/a_Make Appointment' is clicked on

13-04-2025T20:28:46 - [TEST_STEP][PASSED] - setText(findTestObject("Object Repository/Website/Page_CURA Healthcare Service/input_Username_username"), "John Doe"): Text 'John Doe' is set on object 'Object Repository/Website/Page_CURA Healthcare Service/input_Username_username'

13-04-2025T20:28:47 - [MESSAGE][PASSED] - Text 'John Doe' is set on object 'Object Repository/Website/Page_CURA Healthcare Service/input_Username_username'

13-04-2025T20:28:47 - [TEST_STEP][PASSED] - setEncryptedText(findTestObject("Object Repository/Website/Page_CURA Healthcare Service/input_Password_password"), "g3/DOGG74jC3Flrr3yH+3D/yKbOqqUNM"): Text ****** has been set on object 'Object Repository/Website/Page_CURA Healthcare Service/input_Password_password'

13-04-2025T20:28:47 - [MESSAGE][PASSED] - Text ****** has been set on object 'Object Repository/Website/Page_CURA Healthcare Service/input_Password_password'

13-04-2025T20:28:47 - [TEST_STEP][PASSED] - click(findTestObject("Object Repository/Website/Page_CURA Healthcare Service/button_Login")): Object: 'Object Repository/Website/Page_CURA Healthcare Service/button_Login' is clicked on

13-04-2025T20:28:48 - [MESSAGE][PASSED] - Object: 'Object Repository/Website/Page_CURA Healthcare Service/button_Login' is clicked on

13-04-2025T20:28:48 - [TEST_STEP][PASSED] - closeBrowser(): Browser is closed

13-04-2025T20:28:48 - [MESSAGE][PASSED] - Browser is closed]]></system-out>
         <system-err><![CDATA[]]></system-err>
      </testcase>
      <testcase name="Test Cases/WEB/TC06_Login_06" time="5.8" classname="Test Cases/WEB/TC06_Login_06" status="PASSED">
         <system-out><![CDATA[13-04-2025T20:28:48 - [TEST_CASE][PASSED] - Test Cases/WEB/TC06_Login_06: Test Cases/WEB/TC06_Login_06

13-04-2025T20:28:48 - [TEST_STEP][PASSED] - openBrowser(""): Browser is opened with url: ''

13-04-2025T20:28:48 - [MESSAGE][INFO] - Starting 'Chrome' driver

13-04-2025T20:28:48 - [MESSAGE][INFO] - User set preference: ['args2', '--disable-features=SafeBrowsing,PasswordLeakToggleMove']

13-04-2025T20:28:48 - [MESSAGE][INFO] - Action delay is set to 0 milliseconds

13-04-2025T20:28:49 - [MESSAGE][PASSED] - Browser is opened with url: ''

13-04-2025T20:28:49 - [TEST_STEP][PASSED] - navigateToUrl("https://katalon-demo-cura.herokuapp.com/"): Navigate to 'https://katalon-demo-cura.herokuapp.com/' successfully

13-04-2025T20:28:51 - [MESSAGE][PASSED] - Navigate to 'https://katalon-demo-cura.herokuapp.com/' successfully

13-04-2025T20:28:51 - [TEST_STEP][PASSED] - click(findTestObject("Object Repository/Website/Page_CURA Healthcare Service/a_Make Appointment")): Object: 'Object Repository/Website/Page_CURA Healthcare Service/a_Make Appointment' is clicked on

13-04-2025T20:28:52 - [MESSAGE][PASSED] - Object: 'Object Repository/Website/Page_CURA Healthcare Service/a_Make Appointment' is clicked on

13-04-2025T20:28:52 - [TEST_STEP][PASSED] - setText(findTestObject("Object Repository/Website/Page_CURA Healthcare Service/input_Username_username"), "John Doe"): Text 'John Doe' is set on object 'Object Repository/Website/Page_CURA Healthcare Service/input_Username_username'

13-04-2025T20:28:52 - [MESSAGE][PASSED] - Text 'John Doe' is set on object 'Object Repository/Website/Page_CURA Healthcare Service/input_Username_username'

13-04-2025T20:28:52 - [TEST_STEP][PASSED] - setEncryptedText(findTestObject("Object Repository/Website/Page_CURA Healthcare Service/input_Password_password"), "g3/DOGG74jC3Flrr3yH+3D/yKbOqqUNM"): Text ****** has been set on object 'Object Repository/Website/Page_CURA Healthcare Service/input_Password_password'

13-04-2025T20:28:53 - [MESSAGE][PASSED] - Text ****** has been set on object 'Object Repository/Website/Page_CURA Healthcare Service/input_Password_password'

13-04-2025T20:28:53 - [TEST_STEP][PASSED] - click(findTestObject("Object Repository/Website/Page_CURA Healthcare Service/button_Login")): Object: 'Object Repository/Website/Page_CURA Healthcare Service/button_Login' is clicked on

13-04-2025T20:28:54 - [MESSAGE][PASSED] - Object: 'Object Repository/Website/Page_CURA Healthcare Service/button_Login' is clicked on

13-04-2025T20:28:54 - [TEST_STEP][PASSED] - closeBrowser(): Browser is closed

13-04-2025T20:28:54 - [MESSAGE][PASSED] - Browser is closed]]></system-out>
         <system-err><![CDATA[]]></system-err>
      </testcase>
      <system-out><![CDATA[13-04-2025T20:28:23 - [TEST_SUITE][PASSED] - TS_02: Test Cases/WEB/TC06_Login_06]]></system-out>
      <system-err><![CDATA[]]></system-err>
   </testsuite>
</testsuites>
