<?xml version="1.0" encoding="UTF-8"?>
<testsuites name="TS_10" time="32.644" tests="5" failures="0" errors="0">
   <testsuite name="TS_10" tests="5" failures="0" errors="0" time="32.644" skipped="0" timestamp="12-04-2025T21:58:05" hostname="Admin - 192.168.1.10" id="Test Suites/TS_10">
      <properties>
         <property name="deviceName" value=""/>
         <property name="devicePlatform"/>
         <property name="logFolder" value="E:\\Katalon Projects\\HungDNCProject2025\\Reports\\20250412_215755\\TS_10\\20250412_215756"/>
         <property name="logFiles" value="E:\\Katalon Projects\\HungDNCProject2025\\Reports\\20250412_215755\\TS_10\\20250412_215756\\execution0.log"/>
         <property name="attachments" value=""/>
         <property name="hostName" value="Admin - 192.168.1.10"/>
         <property name="os" value="Windows 11 64bit"/>
         <property name="katalonVersion" value="9.7.5.223"/>
         <property name="browser" value="Chrome 135.0.0.0"/>
         <property name="hostAddress" value="192.168.1.10"/>
         <property name="sessionId" value="cfaa2b34eaeffcc67b380e5c8ec80379"/>
         <property name="seleniumVersion" value="3.141.59"/>
         <property name="proxyInformation" value="ProxyInformation { proxyOption=NO_PROXY, proxyServerType=HTTP, username=, password=********, proxyServerAddress=, proxyServerPort=0, executionList=&quot;&quot;, isApplyToDesiredCapabilities=true }"/>
         <property name="platform" value="Windows 11"/>
      </properties>
      <testcase name="Test Cases/WEB/TC46_Login_46" time="7.46" classname="Test Cases/WEB/TC46_Login_46" status="PASSED">
         <system-out><![CDATA[12-04-2025T21:58:05 - [TEST_CASE][PASSED] - Test Cases/WEB/TC46_Login_46: Test Cases/WEB/TC46_Login_46

12-04-2025T21:58:05 - [TEST_STEP][PASSED] - openBrowser(""): Browser is opened with url: ''

12-04-2025T21:58:05 - [MESSAGE][INFO] - Starting 'Chrome' driver

12-04-2025T21:58:05 - [MESSAGE][INFO] - Action delay is set to 0 milliseconds

12-04-2025T21:58:07 - [MESSAGE][PASSED] - Browser is opened with url: ''

12-04-2025T21:58:07 - [TEST_STEP][PASSED] - navigateToUrl("https://katalon-demo-cura.herokuapp.com/"): Navigate to 'https://katalon-demo-cura.herokuapp.com/' successfully

12-04-2025T21:58:09 - [MESSAGE][PASSED] - Navigate to 'https://katalon-demo-cura.herokuapp.com/' successfully

12-04-2025T21:58:09 - [TEST_STEP][PASSED] - click(findTestObject("Object Repository/Website/Page_CURA Healthcare Service/a_Make Appointment")): Object: 'Object Repository/Website/Page_CURA Healthcare Service/a_Make Appointment' is clicked on

12-04-2025T21:58:10 - [MESSAGE][PASSED] - Object: 'Object Repository/Website/Page_CURA Healthcare Service/a_Make Appointment' is clicked on

12-04-2025T21:58:10 - [TEST_STEP][PASSED] - setText(findTestObject("Object Repository/Website/Page_CURA Healthcare Service/input_Username_username"), "John Doe"): Text 'John Doe' is set on object 'Object Repository/Website/Page_CURA Healthcare Service/input_Username_username'

12-04-2025T21:58:11 - [MESSAGE][PASSED] - Text 'John Doe' is set on object 'Object Repository/Website/Page_CURA Healthcare Service/input_Username_username'

12-04-2025T21:58:11 - [TEST_STEP][PASSED] - setEncryptedText(findTestObject("Object Repository/Website/Page_CURA Healthcare Service/input_Password_password"), "g3/DOGG74jC3Flrr3yH+3D/yKbOqqUNM"): Text ****** has been set on object 'Object Repository/Website/Page_CURA Healthcare Service/input_Password_password'

12-04-2025T21:58:11 - [MESSAGE][PASSED] - Text ****** has been set on object 'Object Repository/Website/Page_CURA Healthcare Service/input_Password_password'

12-04-2025T21:58:11 - [TEST_STEP][PASSED] - click(findTestObject("Object Repository/Website/Page_CURA Healthcare Service/button_Login")): Object: 'Object Repository/Website/Page_CURA Healthcare Service/button_Login' is clicked on

12-04-2025T21:58:12 - [MESSAGE][PASSED] - Object: 'Object Repository/Website/Page_CURA Healthcare Service/button_Login' is clicked on

12-04-2025T21:58:12 - [TEST_STEP][PASSED] - closeBrowser(): Browser is closed

12-04-2025T21:58:12 - [MESSAGE][PASSED] - Browser is closed]]></system-out>
         <system-err><![CDATA[]]></system-err>
      </testcase>
      <testcase name="Test Cases/WEB/TC47_Login_47" time="6.405" classname="Test Cases/WEB/TC47_Login_47" status="PASSED">
         <system-out><![CDATA[12-04-2025T21:58:12 - [TEST_CASE][PASSED] - Test Cases/WEB/TC47_Login_47: Test Cases/WEB/TC47_Login_47

12-04-2025T21:58:12 - [TEST_STEP][PASSED] - openBrowser(""): Browser is opened with url: ''

12-04-2025T21:58:12 - [MESSAGE][INFO] - Starting 'Chrome' driver

12-04-2025T21:58:12 - [MESSAGE][INFO] - Action delay is set to 0 milliseconds

12-04-2025T21:58:13 - [MESSAGE][PASSED] - Browser is opened with url: ''

12-04-2025T21:58:13 - [TEST_STEP][PASSED] - navigateToUrl("https://katalon-demo-cura.herokuapp.com/"): Navigate to 'https://katalon-demo-cura.herokuapp.com/' successfully

12-04-2025T21:58:16 - [MESSAGE][PASSED] - Navigate to 'https://katalon-demo-cura.herokuapp.com/' successfully

12-04-2025T21:58:16 - [TEST_STEP][PASSED] - click(findTestObject("Object Repository/Website/Page_CURA Healthcare Service/a_Make Appointment")): Object: 'Object Repository/Website/Page_CURA Healthcare Service/a_Make Appointment' is clicked on

12-04-2025T21:58:16 - [MESSAGE][PASSED] - Object: 'Object Repository/Website/Page_CURA Healthcare Service/a_Make Appointment' is clicked on

12-04-2025T21:58:16 - [TEST_STEP][PASSED] - setText(findTestObject("Object Repository/Website/Page_CURA Healthcare Service/input_Username_username"), "John Doe"): Text 'John Doe' is set on object 'Object Repository/Website/Page_CURA Healthcare Service/input_Username_username'

12-04-2025T21:58:17 - [MESSAGE][PASSED] - Text 'John Doe' is set on object 'Object Repository/Website/Page_CURA Healthcare Service/input_Username_username'

12-04-2025T21:58:17 - [TEST_STEP][PASSED] - setEncryptedText(findTestObject("Object Repository/Website/Page_CURA Healthcare Service/input_Password_password"), "g3/DOGG74jC3Flrr3yH+3D/yKbOqqUNM"): Text ****** has been set on object 'Object Repository/Website/Page_CURA Healthcare Service/input_Password_password'

12-04-2025T21:58:18 - [MESSAGE][PASSED] - Text ****** has been set on object 'Object Repository/Website/Page_CURA Healthcare Service/input_Password_password'

12-04-2025T21:58:18 - [TEST_STEP][PASSED] - click(findTestObject("Object Repository/Website/Page_CURA Healthcare Service/button_Login")): Object: 'Object Repository/Website/Page_CURA Healthcare Service/button_Login' is clicked on

12-04-2025T21:58:19 - [MESSAGE][PASSED] - Object: 'Object Repository/Website/Page_CURA Healthcare Service/button_Login' is clicked on

12-04-2025T21:58:19 - [TEST_STEP][PASSED] - closeBrowser(): Browser is closed

12-04-2025T21:58:19 - [MESSAGE][PASSED] - Browser is closed]]></system-out>
         <system-err><![CDATA[]]></system-err>
      </testcase>
      <testcase name="Test Cases/WEB/TC48_Login_48" time="6.276" classname="Test Cases/WEB/TC48_Login_48" status="PASSED">
         <system-out><![CDATA[12-04-2025T21:58:19 - [TEST_CASE][PASSED] - Test Cases/WEB/TC48_Login_48: Test Cases/WEB/TC48_Login_48

12-04-2025T21:58:19 - [TEST_STEP][PASSED] - openBrowser(""): Browser is opened with url: ''

12-04-2025T21:58:19 - [MESSAGE][INFO] - Starting 'Chrome' driver

12-04-2025T21:58:19 - [MESSAGE][INFO] - Action delay is set to 0 milliseconds

12-04-2025T21:58:20 - [MESSAGE][PASSED] - Browser is opened with url: ''

12-04-2025T21:58:20 - [TEST_STEP][PASSED] - navigateToUrl("https://katalon-demo-cura.herokuapp.com/"): Navigate to 'https://katalon-demo-cura.herokuapp.com/' successfully

12-04-2025T21:58:22 - [MESSAGE][PASSED] - Navigate to 'https://katalon-demo-cura.herokuapp.com/' successfully

12-04-2025T21:58:22 - [TEST_STEP][PASSED] - click(findTestObject("Object Repository/Website/Page_CURA Healthcare Service/a_Make Appointment")): Object: 'Object Repository/Website/Page_CURA Healthcare Service/a_Make Appointment' is clicked on

12-04-2025T21:58:23 - [MESSAGE][PASSED] - Object: 'Object Repository/Website/Page_CURA Healthcare Service/a_Make Appointment' is clicked on

12-04-2025T21:58:23 - [TEST_STEP][PASSED] - setText(findTestObject("Object Repository/Website/Page_CURA Healthcare Service/input_Username_username"), "John Doe"): Text 'John Doe' is set on object 'Object Repository/Website/Page_CURA Healthcare Service/input_Username_username'

12-04-2025T21:58:23 - [MESSAGE][PASSED] - Text 'John Doe' is set on object 'Object Repository/Website/Page_CURA Healthcare Service/input_Username_username'

12-04-2025T21:58:23 - [TEST_STEP][PASSED] - setEncryptedText(findTestObject("Object Repository/Website/Page_CURA Healthcare Service/input_Password_password"), "g3/DOGG74jC3Flrr3yH+3D/yKbOqqUNM"): Text ****** has been set on object 'Object Repository/Website/Page_CURA Healthcare Service/input_Password_password'

12-04-2025T21:58:24 - [MESSAGE][PASSED] - Text ****** has been set on object 'Object Repository/Website/Page_CURA Healthcare Service/input_Password_password'

12-04-2025T21:58:24 - [TEST_STEP][PASSED] - click(findTestObject("Object Repository/Website/Page_CURA Healthcare Service/button_Login")): Object: 'Object Repository/Website/Page_CURA Healthcare Service/button_Login' is clicked on

12-04-2025T21:58:25 - [MESSAGE][PASSED] - Object: 'Object Repository/Website/Page_CURA Healthcare Service/button_Login' is clicked on

12-04-2025T21:58:25 - [TEST_STEP][PASSED] - closeBrowser(): Browser is closed

12-04-2025T21:58:25 - [MESSAGE][PASSED] - Browser is closed]]></system-out>
         <system-err><![CDATA[]]></system-err>
      </testcase>
      <testcase name="Test Cases/WEB/TC49_Login_49" time="6.163" classname="Test Cases/WEB/TC49_Login_49" status="PASSED">
         <system-out><![CDATA[12-04-2025T21:58:25 - [TEST_CASE][PASSED] - Test Cases/WEB/TC49_Login_49: Test Cases/WEB/TC49_Login_49

12-04-2025T21:58:25 - [TEST_STEP][PASSED] - openBrowser(""): Browser is opened with url: ''

12-04-2025T21:58:25 - [MESSAGE][INFO] - Starting 'Chrome' driver

12-04-2025T21:58:25 - [MESSAGE][INFO] - Action delay is set to 0 milliseconds

12-04-2025T21:58:26 - [MESSAGE][PASSED] - Browser is opened with url: ''

12-04-2025T21:58:26 - [TEST_STEP][PASSED] - navigateToUrl("https://katalon-demo-cura.herokuapp.com/"): Navigate to 'https://katalon-demo-cura.herokuapp.com/' successfully

12-04-2025T21:58:28 - [MESSAGE][PASSED] - Navigate to 'https://katalon-demo-cura.herokuapp.com/' successfully

12-04-2025T21:58:28 - [TEST_STEP][PASSED] - click(findTestObject("Object Repository/Website/Page_CURA Healthcare Service/a_Make Appointment")): Object: 'Object Repository/Website/Page_CURA Healthcare Service/a_Make Appointment' is clicked on

12-04-2025T21:58:29 - [MESSAGE][PASSED] - Object: 'Object Repository/Website/Page_CURA Healthcare Service/a_Make Appointment' is clicked on

12-04-2025T21:58:29 - [TEST_STEP][PASSED] - setText(findTestObject("Object Repository/Website/Page_CURA Healthcare Service/input_Username_username"), "John Doe"): Text 'John Doe' is set on object 'Object Repository/Website/Page_CURA Healthcare Service/input_Username_username'

12-04-2025T21:58:30 - [MESSAGE][PASSED] - Text 'John Doe' is set on object 'Object Repository/Website/Page_CURA Healthcare Service/input_Username_username'

12-04-2025T21:58:30 - [TEST_STEP][PASSED] - setEncryptedText(findTestObject("Object Repository/Website/Page_CURA Healthcare Service/input_Password_password"), "g3/DOGG74jC3Flrr3yH+3D/yKbOqqUNM"): Text ****** has been set on object 'Object Repository/Website/Page_CURA Healthcare Service/input_Password_password'

12-04-2025T21:58:30 - [MESSAGE][PASSED] - Text ****** has been set on object 'Object Repository/Website/Page_CURA Healthcare Service/input_Password_password'

12-04-2025T21:58:30 - [TEST_STEP][PASSED] - click(findTestObject("Object Repository/Website/Page_CURA Healthcare Service/button_Login")): Object: 'Object Repository/Website/Page_CURA Healthcare Service/button_Login' is clicked on

12-04-2025T21:58:31 - [MESSAGE][PASSED] - Object: 'Object Repository/Website/Page_CURA Healthcare Service/button_Login' is clicked on

12-04-2025T21:58:31 - [TEST_STEP][PASSED] - closeBrowser(): Browser is closed

12-04-2025T21:58:31 - [MESSAGE][PASSED] - Browser is closed]]></system-out>
         <system-err><![CDATA[]]></system-err>
      </testcase>
      <testcase name="Test Cases/WEB/TC50_Login_50" time="6.163" classname="Test Cases/WEB/TC50_Login_50" status="PASSED">
         <system-out><![CDATA[12-04-2025T21:58:31 - [TEST_CASE][PASSED] - Test Cases/WEB/TC50_Login_50: Test Cases/WEB/TC50_Login_50

12-04-2025T21:58:31 - [TEST_STEP][PASSED] - openBrowser(""): Browser is opened with url: ''

12-04-2025T21:58:31 - [MESSAGE][INFO] - Starting 'Chrome' driver

12-04-2025T21:58:31 - [MESSAGE][INFO] - Action delay is set to 0 milliseconds

12-04-2025T21:58:32 - [MESSAGE][PASSED] - Browser is opened with url: ''

12-04-2025T21:58:32 - [TEST_STEP][PASSED] - navigateToUrl("https://katalon-demo-cura.herokuapp.com/"): Navigate to 'https://katalon-demo-cura.herokuapp.com/' successfully

12-04-2025T21:58:35 - [MESSAGE][PASSED] - Navigate to 'https://katalon-demo-cura.herokuapp.com/' successfully

12-04-2025T21:58:35 - [TEST_STEP][PASSED] - click(findTestObject("Object Repository/Website/Page_CURA Healthcare Service/a_Make Appointment")): Object: 'Object Repository/Website/Page_CURA Healthcare Service/a_Make Appointment' is clicked on

12-04-2025T21:58:35 - [MESSAGE][PASSED] - Object: 'Object Repository/Website/Page_CURA Healthcare Service/a_Make Appointment' is clicked on

12-04-2025T21:58:35 - [TEST_STEP][PASSED] - setText(findTestObject("Object Repository/Website/Page_CURA Healthcare Service/input_Username_username"), "John Doe"): Text 'John Doe' is set on object 'Object Repository/Website/Page_CURA Healthcare Service/input_Username_username'

12-04-2025T21:58:36 - [MESSAGE][PASSED] - Text 'John Doe' is set on object 'Object Repository/Website/Page_CURA Healthcare Service/input_Username_username'

12-04-2025T21:58:36 - [TEST_STEP][PASSED] - setEncryptedText(findTestObject("Object Repository/Website/Page_CURA Healthcare Service/input_Password_password"), "g3/DOGG74jC3Flrr3yH+3D/yKbOqqUNM"): Text ****** has been set on object 'Object Repository/Website/Page_CURA Healthcare Service/input_Password_password'

12-04-2025T21:58:36 - [MESSAGE][PASSED] - Text ****** has been set on object 'Object Repository/Website/Page_CURA Healthcare Service/input_Password_password'

12-04-2025T21:58:36 - [TEST_STEP][PASSED] - click(findTestObject("Object Repository/Website/Page_CURA Healthcare Service/button_Login")): Object: 'Object Repository/Website/Page_CURA Healthcare Service/button_Login' is clicked on

12-04-2025T21:58:37 - [MESSAGE][PASSED] - Object: 'Object Repository/Website/Page_CURA Healthcare Service/button_Login' is clicked on

12-04-2025T21:58:37 - [TEST_STEP][PASSED] - closeBrowser(): Browser is closed

12-04-2025T21:58:37 - [MESSAGE][PASSED] - Browser is closed]]></system-out>
         <system-err><![CDATA[]]></system-err>
      </testcase>
      <system-out><![CDATA[12-04-2025T21:58:05 - [TEST_SUITE][PASSED] - TS_10: Test Cases/WEB/TC50_Login_50]]></system-out>
      <system-err><![CDATA[]]></system-err>
   </testsuite>
</testsuites>
