<?xml version="1.0" encoding="UTF-8"?>
<testsuites name="TS_01" time="42.119" tests="5" failures="0" errors="0">
   <testsuite name="TS_01" tests="5" failures="0" errors="0" time="42.119" skipped="0" timestamp="13-04-2025T20:25:15" hostname="Admin - 192.168.1.10" id="Test Suites/TS_01">
      <properties>
         <property name="deviceName" value=""/>
         <property name="devicePlatform"/>
         <property name="logFolder" value="E:\\Katalon Projects\\HungDNCProject2025\\Reports\\20250413_202511\\TS_01\\20250413_202511"/>
         <property name="logFiles" value="E:\\Katalon Projects\\HungDNCProject2025\\Reports\\20250413_202511\\TS_01\\20250413_202511\\execution0.log"/>
         <property name="attachments" value=""/>
         <property name="hostName" value="Admin - 192.168.1.10"/>
         <property name="os" value="Windows 11 64bit"/>
         <property name="katalonVersion" value="9.7.5.223"/>
         <property name="browser" value="Chrome 135.0.0.0"/>
         <property name="hostAddress" value="192.168.1.10"/>
         <property name="sessionId" value="15a42835c2ef1f32047a96f0f98955a9"/>
         <property name="seleniumVersion" value="3.141.59"/>
         <property name="proxyInformation" value="ProxyInformation { proxyOption=NO_PROXY, proxyServerType=HTTP, username=, password=********, proxyServerAddress=, proxyServerPort=0, executionList=&quot;&quot;, isApplyToDesiredCapabilities=true }"/>
         <property name="platform" value="Windows 11"/>
      </properties>
      <testcase name="Test Cases/WEB/TC05_Login 05" time="7.237" classname="Test Cases/WEB/TC05_Login 05" status="PASSED">
         <system-out><![CDATA[13-04-2025T20:25:15 - [TEST_CASE][PASSED] - Test Cases/WEB/TC05_Login 05: Test Cases/WEB/TC05_Login 05

13-04-2025T20:25:15 - [TEST_STEP][PASSED] - openBrowser(""): Browser is opened with url: ''

13-04-2025T20:25:16 - [MESSAGE][INFO] - Starting 'Chrome' driver

13-04-2025T20:25:16 - [MESSAGE][INFO] - User set preference: ['args2', '--disable-features=SafeBrowsing,PasswordLeakToggleMove']

13-04-2025T20:25:16 - [MESSAGE][INFO] - Action delay is set to 0 milliseconds

13-04-2025T20:25:17 - [MESSAGE][PASSED] - Browser is opened with url: ''

13-04-2025T20:25:17 - [TEST_STEP][PASSED] - navigateToUrl("https://katalon-demo-cura.herokuapp.com/"): Navigate to 'https://katalon-demo-cura.herokuapp.com/' successfully

13-04-2025T20:25:19 - [MESSAGE][PASSED] - Navigate to 'https://katalon-demo-cura.herokuapp.com/' successfully

13-04-2025T20:25:19 - [TEST_STEP][PASSED] - click(findTestObject("Object Repository/Website/Page_CURA Healthcare Service/a_Make Appointment")): Object: 'Object Repository/Website/Page_CURA Healthcare Service/a_Make Appointment' is clicked on

13-04-2025T20:25:20 - [MESSAGE][PASSED] - Object: 'Object Repository/Website/Page_CURA Healthcare Service/a_Make Appointment' is clicked on

13-04-2025T20:25:20 - [TEST_STEP][PASSED] - setText(findTestObject("Object Repository/Website/Page_CURA Healthcare Service/input_Username_username"), "John Doe"): Text 'John Doe' is set on object 'Object Repository/Website/Page_CURA Healthcare Service/input_Username_username'

13-04-2025T20:25:21 - [MESSAGE][PASSED] - Text 'John Doe' is set on object 'Object Repository/Website/Page_CURA Healthcare Service/input_Username_username'

13-04-2025T20:25:21 - [TEST_STEP][PASSED] - setEncryptedText(findTestObject("Object Repository/Website/Page_CURA Healthcare Service/input_Password_password"), "g3/DOGG74jC3Flrr3yH+3D/yKbOqqUNM"): Text ****** has been set on object 'Object Repository/Website/Page_CURA Healthcare Service/input_Password_password'

13-04-2025T20:25:21 - [MESSAGE][PASSED] - Text ****** has been set on object 'Object Repository/Website/Page_CURA Healthcare Service/input_Password_password'

13-04-2025T20:25:21 - [TEST_STEP][PASSED] - click(findTestObject("Object Repository/Website/Page_CURA Healthcare Service/button_Login")): Object: 'Object Repository/Website/Page_CURA Healthcare Service/button_Login' is clicked on

13-04-2025T20:25:22 - [MESSAGE][PASSED] - Object: 'Object Repository/Website/Page_CURA Healthcare Service/button_Login' is clicked on

13-04-2025T20:25:22 - [TEST_STEP][PASSED] - closeBrowser(): Browser is closed

13-04-2025T20:25:22 - [MESSAGE][PASSED] - Browser is closed]]></system-out>
         <system-err><![CDATA[]]></system-err>
      </testcase>
      <testcase name="Test Cases/WEB/TC04_Login 04" time="5.907" classname="Test Cases/WEB/TC04_Login 04" status="PASSED">
         <system-out><![CDATA[13-04-2025T20:25:22 - [TEST_CASE][PASSED] - Test Cases/WEB/TC04_Login 04: Test Cases/WEB/TC04_Login 04

13-04-2025T20:25:22 - [TEST_STEP][PASSED] - openBrowser(""): Browser is opened with url: ''

13-04-2025T20:25:22 - [MESSAGE][INFO] - Starting 'Chrome' driver

13-04-2025T20:25:22 - [MESSAGE][INFO] - User set preference: ['args2', '--disable-features=SafeBrowsing,PasswordLeakToggleMove']

13-04-2025T20:25:22 - [MESSAGE][INFO] - Action delay is set to 0 milliseconds

13-04-2025T20:25:23 - [MESSAGE][PASSED] - Browser is opened with url: ''

13-04-2025T20:25:23 - [TEST_STEP][PASSED] - navigateToUrl("https://katalon-demo-cura.herokuapp.com/"): Navigate to 'https://katalon-demo-cura.herokuapp.com/' successfully

13-04-2025T20:25:26 - [MESSAGE][PASSED] - Navigate to 'https://katalon-demo-cura.herokuapp.com/' successfully

13-04-2025T20:25:26 - [TEST_STEP][PASSED] - click(findTestObject("Object Repository/Website/Page_CURA Healthcare Service/a_Make Appointment")): Object: 'Object Repository/Website/Page_CURA Healthcare Service/a_Make Appointment' is clicked on

13-04-2025T20:25:26 - [MESSAGE][PASSED] - Object: 'Object Repository/Website/Page_CURA Healthcare Service/a_Make Appointment' is clicked on

13-04-2025T20:25:26 - [TEST_STEP][PASSED] - setText(findTestObject("Object Repository/Website/Page_CURA Healthcare Service/input_Username_username"), "John Doe"): Text 'John Doe' is set on object 'Object Repository/Website/Page_CURA Healthcare Service/input_Username_username'

13-04-2025T20:25:27 - [MESSAGE][PASSED] - Text 'John Doe' is set on object 'Object Repository/Website/Page_CURA Healthcare Service/input_Username_username'

13-04-2025T20:25:27 - [TEST_STEP][PASSED] - setEncryptedText(findTestObject("Object Repository/Website/Page_CURA Healthcare Service/input_Password_password"), "g3/DOGG74jC3Flrr3yH+3D/yKbOqqUNM"): Text ****** has been set on object 'Object Repository/Website/Page_CURA Healthcare Service/input_Password_password'

13-04-2025T20:25:27 - [MESSAGE][PASSED] - Text ****** has been set on object 'Object Repository/Website/Page_CURA Healthcare Service/input_Password_password'

13-04-2025T20:25:27 - [TEST_STEP][PASSED] - click(findTestObject("Object Repository/Website/Page_CURA Healthcare Service/button_Login")): Object: 'Object Repository/Website/Page_CURA Healthcare Service/button_Login' is clicked on

13-04-2025T20:25:28 - [MESSAGE][PASSED] - Object: 'Object Repository/Website/Page_CURA Healthcare Service/button_Login' is clicked on

13-04-2025T20:25:28 - [TEST_STEP][PASSED] - closeBrowser(): Browser is closed

13-04-2025T20:25:28 - [MESSAGE][PASSED] - Browser is closed]]></system-out>
         <system-err><![CDATA[]]></system-err>
      </testcase>
      <testcase name="Test Cases/WEB/TC03_Login 03" time="5.693" classname="Test Cases/WEB/TC03_Login 03" status="PASSED">
         <system-out><![CDATA[13-04-2025T20:25:28 - [TEST_CASE][PASSED] - Test Cases/WEB/TC03_Login 03: Test Cases/WEB/TC03_Login 03

13-04-2025T20:25:28 - [TEST_STEP][PASSED] - openBrowser(""): Browser is opened with url: ''

13-04-2025T20:25:28 - [MESSAGE][INFO] - Starting 'Chrome' driver

13-04-2025T20:25:28 - [MESSAGE][INFO] - User set preference: ['args2', '--disable-features=SafeBrowsing,PasswordLeakToggleMove']

13-04-2025T20:25:28 - [MESSAGE][INFO] - Action delay is set to 0 milliseconds

13-04-2025T20:25:29 - [MESSAGE][PASSED] - Browser is opened with url: ''

13-04-2025T20:25:29 - [TEST_STEP][PASSED] - navigateToUrl("https://katalon-demo-cura.herokuapp.com/"): Navigate to 'https://katalon-demo-cura.herokuapp.com/' successfully

13-04-2025T20:25:31 - [MESSAGE][PASSED] - Navigate to 'https://katalon-demo-cura.herokuapp.com/' successfully

13-04-2025T20:25:31 - [TEST_STEP][PASSED] - click(findTestObject("Object Repository/Website/Page_CURA Healthcare Service/a_Make Appointment")): Object: 'Object Repository/Website/Page_CURA Healthcare Service/a_Make Appointment' is clicked on

13-04-2025T20:25:32 - [MESSAGE][PASSED] - Object: 'Object Repository/Website/Page_CURA Healthcare Service/a_Make Appointment' is clicked on

13-04-2025T20:25:32 - [TEST_STEP][PASSED] - setText(findTestObject("Object Repository/Website/Page_CURA Healthcare Service/input_Username_username"), "John Doe"): Text 'John Doe' is set on object 'Object Repository/Website/Page_CURA Healthcare Service/input_Username_username'

13-04-2025T20:25:33 - [MESSAGE][PASSED] - Text 'John Doe' is set on object 'Object Repository/Website/Page_CURA Healthcare Service/input_Username_username'

13-04-2025T20:25:33 - [TEST_STEP][PASSED] - setEncryptedText(findTestObject("Object Repository/Website/Page_CURA Healthcare Service/input_Password_password"), "g3/DOGG74jC3Flrr3yH+3D/yKbOqqUNM"): Text ****** has been set on object 'Object Repository/Website/Page_CURA Healthcare Service/input_Password_password'

13-04-2025T20:25:33 - [MESSAGE][PASSED] - Text ****** has been set on object 'Object Repository/Website/Page_CURA Healthcare Service/input_Password_password'

13-04-2025T20:25:33 - [TEST_STEP][PASSED] - click(findTestObject("Object Repository/Website/Page_CURA Healthcare Service/button_Login")): Object: 'Object Repository/Website/Page_CURA Healthcare Service/button_Login' is clicked on

13-04-2025T20:25:34 - [MESSAGE][PASSED] - Object: 'Object Repository/Website/Page_CURA Healthcare Service/button_Login' is clicked on

13-04-2025T20:25:34 - [TEST_STEP][PASSED] - closeBrowser(): Browser is closed

13-04-2025T20:25:34 - [MESSAGE][PASSED] - Browser is closed]]></system-out>
         <system-err><![CDATA[]]></system-err>
      </testcase>
      <testcase name="Test Cases/WEB/TC02_Login 02" time="12.955" classname="Test Cases/WEB/TC02_Login 02" status="PASSED">
         <system-out><![CDATA[13-04-2025T20:25:34 - [TEST_CASE][PASSED] - Test Cases/WEB/TC02_Login 02: Test Cases/WEB/TC02_Login 02

13-04-2025T20:25:34 - [TEST_STEP][PASSED] - openBrowser(""): Browser is opened with url: ''

13-04-2025T20:25:34 - [MESSAGE][INFO] - Starting 'Chrome' driver

13-04-2025T20:25:34 - [MESSAGE][INFO] - User set preference: ['args2', '--disable-features=SafeBrowsing,PasswordLeakToggleMove']

13-04-2025T20:25:34 - [MESSAGE][INFO] - Action delay is set to 0 milliseconds

13-04-2025T20:25:35 - [MESSAGE][PASSED] - Browser is opened with url: ''

13-04-2025T20:25:35 - [TEST_STEP][PASSED] - navigateToUrl("https://katalon-demo-cura.herokuapp.com/"): Navigate to 'https://katalon-demo-cura.herokuapp.com/' successfully

13-04-2025T20:25:37 - [MESSAGE][PASSED] - Navigate to 'https://katalon-demo-cura.herokuapp.com/' successfully

13-04-2025T20:25:37 - [TEST_STEP][PASSED] - click(findTestObject("Object Repository/Website/Page_CURA Healthcare Service/a_Make Appointment")): Object: 'Object Repository/Website/Page_CURA Healthcare Service/a_Make Appointment' is clicked on

13-04-2025T20:25:39 - [MESSAGE][PASSED] - Object: 'Object Repository/Website/Page_CURA Healthcare Service/a_Make Appointment' is clicked on

13-04-2025T20:25:39 - [TEST_STEP][PASSED] - setText(findTestObject("Object Repository/Website/Page_CURA Healthcare Service/input_Username_username"), "John Doe"): Text 'John Doe' is set on object 'Object Repository/Website/Page_CURA Healthcare Service/input_Username_username'

13-04-2025T20:25:43 - [MESSAGE][PASSED] - Text 'John Doe' is set on object 'Object Repository/Website/Page_CURA Healthcare Service/input_Username_username'

13-04-2025T20:25:43 - [TEST_STEP][PASSED] - setEncryptedText(findTestObject("Object Repository/Website/Page_CURA Healthcare Service/input_Password_password"), "g3/DOGG74jC3Flrr3yH+3D/yKbOqqUNM"): Text ****** has been set on object 'Object Repository/Website/Page_CURA Healthcare Service/input_Password_password'

13-04-2025T20:25:45 - [MESSAGE][PASSED] - Text ****** has been set on object 'Object Repository/Website/Page_CURA Healthcare Service/input_Password_password'

13-04-2025T20:25:45 - [TEST_STEP][PASSED] - click(findTestObject("Object Repository/Website/Page_CURA Healthcare Service/button_Login")): Object: 'Object Repository/Website/Page_CURA Healthcare Service/button_Login' is clicked on

13-04-2025T20:25:47 - [MESSAGE][PASSED] - Object: 'Object Repository/Website/Page_CURA Healthcare Service/button_Login' is clicked on

13-04-2025T20:25:47 - [TEST_STEP][PASSED] - closeBrowser(): Browser is closed

13-04-2025T20:25:47 - [MESSAGE][PASSED] - Browser is closed]]></system-out>
         <system-err><![CDATA[]]></system-err>
      </testcase>
      <testcase name="Test Cases/WEB/TC01_Load Page" time="10.155" classname="Test Cases/WEB/TC01_Load Page" status="PASSED">
         <system-out><![CDATA[13-04-2025T20:25:47 - [TEST_CASE][PASSED] - Test Cases/WEB/TC01_Load Page: Test Cases/WEB/TC01_Load Page

13-04-2025T20:25:47 - [TEST_STEP][PASSED] - setWebDriverPreferencesProperty("args", ["--disable-features=SafeBrowsing,PasswordLeakToggleMove"]): null

13-04-2025T20:25:47 - [TEST_STEP][PASSED] - openBrowser(""): Browser is opened with url: ''

13-04-2025T20:25:47 - [MESSAGE][INFO] - Starting 'Chrome' driver

13-04-2025T20:25:47 - [MESSAGE][INFO] - User set preference: ['args2', '--disable-features=SafeBrowsing,PasswordLeakToggleMove']

13-04-2025T20:25:47 - [MESSAGE][INFO] - User set preference: ['args', '[--disable-features=SafeBrowsing,PasswordLeakToggleMove]']

13-04-2025T20:25:47 - [MESSAGE][INFO] - Action delay is set to 0 milliseconds

13-04-2025T20:25:48 - [MESSAGE][PASSED] - Browser is opened with url: ''

13-04-2025T20:25:48 - [TEST_STEP][PASSED] - navigateToUrl("https://katalon-demo-cura.herokuapp.com/"): Navigate to 'https://katalon-demo-cura.herokuapp.com/' successfully

13-04-2025T20:25:50 - [MESSAGE][PASSED] - Navigate to 'https://katalon-demo-cura.herokuapp.com/' successfully

13-04-2025T20:25:50 - [TEST_STEP][PASSED] - click(findTestObject("Object Repository/Website/Page_CURA Healthcare Service/a_Make Appointment")): Object: 'Object Repository/Website/Page_CURA Healthcare Service/a_Make Appointment' is clicked on

13-04-2025T20:25:51 - [MESSAGE][PASSED] - Object: 'Object Repository/Website/Page_CURA Healthcare Service/a_Make Appointment' is clicked on

13-04-2025T20:25:51 - [TEST_STEP][PASSED] - setText(findTestObject("Object Repository/Website/Page_CURA Healthcare Service/input_Username_username"), "John Doe"): Text 'John Doe' is set on object 'Object Repository/Website/Page_CURA Healthcare Service/input_Username_username'

13-04-2025T20:25:51 - [MESSAGE][PASSED] - Text 'John Doe' is set on object 'Object Repository/Website/Page_CURA Healthcare Service/input_Username_username'

13-04-2025T20:25:51 - [TEST_STEP][PASSED] - setEncryptedText(findTestObject("Object Repository/Website/Page_CURA Healthcare Service/input_Password_password"), "g3/DOGG74jC3Flrr3yH+3D/yKbOqqUNM"): Text ****** has been set on object 'Object Repository/Website/Page_CURA Healthcare Service/input_Password_password'

13-04-2025T20:25:52 - [MESSAGE][PASSED] - Text ****** has been set on object 'Object Repository/Website/Page_CURA Healthcare Service/input_Password_password'

13-04-2025T20:25:52 - [TEST_STEP][PASSED] - click(findTestObject("Object Repository/Website/Page_CURA Healthcare Service/button_Login")): Object: 'Object Repository/Website/Page_CURA Healthcare Service/button_Login' is clicked on

13-04-2025T20:25:53 - [MESSAGE][PASSED] - Object: 'Object Repository/Website/Page_CURA Healthcare Service/button_Login' is clicked on

13-04-2025T20:25:53 - [TEST_STEP][PASSED] - selectOptionByValue(findTestObject("Object Repository/Website/Page_CURA Healthcare Service/select_Tokyo CURA Healthcare Center        _5b4107"), "Hongkong CURA Healthcare Center", true): All options with value 'Hongkong CURA Healthcare Center' are selected in object 'Object Repository/Website/Page_CURA Healthcare Service/select_Tokyo CURA Healthcare Center        _5b4107'  using regular expression

13-04-2025T20:25:53 - [MESSAGE][PASSED] - All options with value 'Hongkong CURA Healthcare Center' are selected in object 'Object Repository/Website/Page_CURA Healthcare Service/select_Tokyo CURA Healthcare Center        _5b4107'  using regular expression

13-04-2025T20:25:53 - [TEST_STEP][PASSED] - click(findTestObject("Object Repository/Website/Page_CURA Healthcare Service/input_Apply for hospital readmission_hospit_63901f")): Object: 'Object Repository/Website/Page_CURA Healthcare Service/input_Apply for hospital readmission_hospit_63901f' is clicked on

13-04-2025T20:25:54 - [MESSAGE][PASSED] - Object: 'Object Repository/Website/Page_CURA Healthcare Service/input_Apply for hospital readmission_hospit_63901f' is clicked on

13-04-2025T20:25:54 - [TEST_STEP][PASSED] - click(findTestObject("Object Repository/Website/Page_CURA Healthcare Service/input_Medicaid_programs")): Object: 'Object Repository/Website/Page_CURA Healthcare Service/input_Medicaid_programs' is clicked on

13-04-2025T20:25:54 - [MESSAGE][PASSED] - Object: 'Object Repository/Website/Page_CURA Healthcare Service/input_Medicaid_programs' is clicked on

13-04-2025T20:25:54 - [TEST_STEP][PASSED] - click(findTestObject("Object Repository/Website/Page_CURA Healthcare Service/div_Visit Date (Required)_input-group-addon")): Object: 'Object Repository/Website/Page_CURA Healthcare Service/div_Visit Date (Required)_input-group-addon' is clicked on

13-04-2025T20:25:54 - [MESSAGE][PASSED] - Object: 'Object Repository/Website/Page_CURA Healthcare Service/div_Visit Date (Required)_input-group-addon' is clicked on

13-04-2025T20:25:54 - [TEST_STEP][PASSED] - click(findTestObject("Object Repository/Website/Page_CURA Healthcare Service/td_30")): Object: 'Object Repository/Website/Page_CURA Healthcare Service/td_30' is clicked on

13-04-2025T20:25:55 - [MESSAGE][PASSED] - Object: 'Object Repository/Website/Page_CURA Healthcare Service/td_30' is clicked on

13-04-2025T20:25:55 - [TEST_STEP][PASSED] - setText(findTestObject("Object Repository/Website/Page_CURA Healthcare Service/textarea_Comment_comment"), findTestData("TestData_Website_01").getValue("comment", 2)): Text 'Not Okey' is set on object 'Object Repository/Website/Page_CURA Healthcare Service/textarea_Comment_comment'

13-04-2025T20:25:56 - [MESSAGE][PASSED] - Text 'Not Okey' is set on object 'Object Repository/Website/Page_CURA Healthcare Service/textarea_Comment_comment'

13-04-2025T20:25:56 - [TEST_STEP][PASSED] - click(findTestObject("Object Repository/Website/Page_CURA Healthcare Service/button_Book Appointment")): Object: 'Object Repository/Website/Page_CURA Healthcare Service/button_Book Appointment' is clicked on

13-04-2025T20:25:56 - [MESSAGE][PASSED] - Object: 'Object Repository/Website/Page_CURA Healthcare Service/button_Book Appointment' is clicked on

13-04-2025T20:25:56 - [TEST_STEP][PASSED] - click(findTestObject("Object Repository/Website/Page_CURA Healthcare Service/h2_Appointment Confirmation")): Object: 'Object Repository/Website/Page_CURA Healthcare Service/h2_Appointment Confirmation' is clicked on

13-04-2025T20:25:57 - [MESSAGE][PASSED] - Object: 'Object Repository/Website/Page_CURA Healthcare Service/h2_Appointment Confirmation' is clicked on

13-04-2025T20:25:57 - [TEST_STEP][PASSED] - verifyElementText(findTestObject("Object Repository/Website/Page_CURA Healthcare Service/h2_Appointment Confirmation"), "Appointment Confirmation"): Actual text and expected text of test object 'Object Repository/Website/Page_CURA Healthcare Service/h2_Appointment Confirmation' are matched.

13-04-2025T20:25:57 - [MESSAGE][PASSED] - Actual text and expected text of test object 'Object Repository/Website/Page_CURA Healthcare Service/h2_Appointment Confirmation' are matched.

13-04-2025T20:25:57 - [TEST_STEP][PASSED] - closeBrowser(): Browser is closed

13-04-2025T20:25:57 - [MESSAGE][PASSED] - Browser is closed]]></system-out>
         <system-err><![CDATA[]]></system-err>
      </testcase>
      <system-out><![CDATA[13-04-2025T20:25:15 - [TEST_SUITE][PASSED] - TS_01: Test Cases/WEB/TC01_Load Page]]></system-out>
      <system-err><![CDATA[]]></system-err>
   </testsuite>
</testsuites>
