<?xml version="1.0" encoding="UTF-8"?>
<testsuites name="TS_01" time="90.251" tests="5" failures="0" errors="0">
   <testsuite name="TS_01" tests="5" failures="0" errors="0" time="90.251" skipped="0" timestamp="13-04-2025T21:45:02" hostname="Admin - 192.168.1.10" id="Test Suites/TS_01">
      <properties>
         <property name="deviceName"/>
         <property name="devicePlatform" value="WINDOWS"/>
         <property name="logFolder" value="E:\\Katalon Projects\\HungDNCProject2025\\Reports\\20250413_214456\\TS_01\\20250413_214456"/>
         <property name="logFiles" value="E:\\Katalon Projects\\HungDNCProject2025\\Reports\\20250413_214456\\TS_01\\20250413_214456\\execution0.log"/>
         <property name="attachments" value=""/>
         <property name="hostName" value="Admin - 192.168.1.10"/>
         <property name="remoteDriverUrl" value="testcloud.katalon.com/wd/hub"/>
         <property name="os" value="Windows 11 64bit"/>
         <property name="remoteOS" value="Windows"/>
         <property name="katalonVersion" value="10.1.1.0"/>
         <property name="sessionId" value="e0ecb9de-6fee-4dae-b3bd-ab6017483e42"/>
         <property name="proxyInformation" value="ProxyInformation { proxyOption=NO_PROXY, proxyServerType=HTTP, username=, password=********, proxyServerAddress=, proxyServerPort=0, executionList=&quot;&quot;, isApplyToDesiredCapabilities=true }"/>
         <property name="platform" value="Windows 11"/>
         <property name="desiredCapabilities" value="{&#xa;  &quot;networkConnectionEnabled&quot;: false,&#xa;  &quot;chrome&quot;: {&#xa;    &quot;chromedriverVersion&quot;: &quot;137.0.7117.2 (d829450f61c9b2a87e23be2a32a133c7ec0a66e2-refs/branch-heads/7117@{#5})&quot;,&#xa;    &quot;userDataDir&quot;: &quot;C:\\Program Files\\scoped_dir2500_1847513742&quot;&#xa;  },&#xa;  &quot;timeouts&quot;: {&#xa;    &quot;implicit&quot;: 0,&#xa;    &quot;pageLoad&quot;: 300000,&#xa;    &quot;script&quot;: 30000&#xa;  },&#xa;  &quot;pageLoadStrategy&quot;: &quot;normal&quot;,&#xa;  &quot;unhandledPromptBehavior&quot;: &quot;dismiss and notify&quot;,&#xa;  &quot;strictFileInteractability&quot;: false,&#xa;  &quot;proxy&quot;: {&#xa;    &quot;proxyType&quot;: &quot;UNSPECIFIED&quot;,&#xa;    &quot;autodetect&quot;: false&#xa;  },&#xa;  &quot;webauthn:extension:minPinLength&quot;: true,&#xa;  &quot;goog:chromeOptions&quot;: {&#xa;    &quot;debuggerAddress&quot;: &quot;localhost:9225&quot;&#xa;  },&#xa;  &quot;webauthn:extension:credBlob&quot;: true,&#xa;  &quot;webauthn:extension:prf&quot;: true,&#xa;  &quot;acceptInsecureCerts&quot;: false,&#xa;  &quot;browserVersion&quot;: &quot;137.0.7117.2&quot;,&#xa;  &quot;katalon:caps&quot;: {&#xa;    &quot;executionId&quot;: &quot;cdecf595-37eb-4ede-933c-7b7931c98b7c&quot;,&#xa;    &quot;executionSessionId&quot;: &quot;e0ecb9de-6fee-4dae-b3bd-ab6017483e42&quot;&#xa;  },&#xa;  &quot;fedcm:accounts&quot;: true,&#xa;  &quot;browserName&quot;: &quot;chrome&quot;,&#xa;  &quot;platformName&quot;: &quot;WINDOWS&quot;,&#xa;  &quot;setWindowRect&quot;: true,&#xa;  &quot;webauthn:extension:largeBlob&quot;: true,&#xa;  &quot;katalon:options&quot;: {&#xa;    &quot;executionId&quot;: &quot;cdecf595-37eb-4ede-933c-7b7931c98b7c&quot;,&#xa;    &quot;executionSessionId&quot;: &quot;e0ecb9de-6fee-4dae-b3bd-ab6017483e42&quot;,&#xa;    &quot;runFromTestCloud&quot;: true&#xa;  },&#xa;  &quot;webauthn:virtualAuthenticators&quot;: true&#xa;}"/>
         <property name="katalon:caps" value="{&#xa;  &quot;executionId&quot;: &quot;cdecf595-37eb-4ede-933c-7b7931c98b7c&quot;,&#xa;  &quot;executionSessionId&quot;: &quot;e0ecb9de-6fee-4dae-b3bd-ab6017483e42&quot;&#xa;}"/>
         <property name="browser" value="Chrome 137.0.7117.2"/>
         <property name="hostAddress" value="192.168.1.10"/>
         <property name="seleniumVersion" value="4.22.0"/>
      </properties>
      <testcase name="Test Cases/WEB/TC05_Login 05" time="21.373" classname="Test Cases/WEB/TC05_Login 05" status="PASSED">
         <properties>
            <property name="data_binding"><![CDATA[{"(Default) noNam...":""}]]></property>
         </properties>
         <system-out><![CDATA[13-04-2025T21:45:03 - [TEST_CASE][PASSED] - Test Cases/WEB/TC05_Login 05: Test Cases/WEB/TC05_Login 05

13-04-2025T21:45:03 - [TEST_STEP][PASSED] - openBrowser(""): Browser is opened with url: ''

13-04-2025T21:45:03 - [MESSAGE][INFO] - User set preference: ['browserVersion', '137']

13-04-2025T21:45:03 - [MESSAGE][INFO] - User set preference: ['browserName', 'chrome']

13-04-2025T21:45:03 - [MESSAGE][INFO] - User set preference: ['platformName', 'windows']

13-04-2025T21:45:03 - [MESSAGE][INFO] - User set preference: ['katalon:options', '{metadata={organizationId=2147063, accountId=1507070, channel=kse;v=10.1.1}, executionMode=queue, usingTunnel=false}']

13-04-2025T21:45:03 - [MESSAGE][INFO] - Connecting to remote web server 'testcloud.katalon.com/wd/hub' with type 'Selenium'

13-04-2025T21:45:04 - [MESSAGE][INFO] - Action delay is set to 0 milliseconds

13-04-2025T21:45:17 - [MESSAGE][WARNING] - Your browser version or type does not support the BiDirectional WebDriver Protocol which is required for Smart Locator functionality. Please update your browser or switch to a compatible one.

13-04-2025T21:45:17 - [MESSAGE][WARNING] - Your browser version or type does not support the BiDirectional WebDriver Protocol which is required for Smart Wait functionality. Please update your browser or switch to a compatible one.

13-04-2025T21:45:18 - [MESSAGE][PASSED] - Browser is opened with url: ''

13-04-2025T21:45:18 - [TEST_STEP][PASSED] - navigateToUrl("https://katalon-demo-cura.herokuapp.com/"): Navigate to 'https://katalon-demo-cura.herokuapp.com/' successfully

13-04-2025T21:45:18 - [MESSAGE][PASSED] - Navigate to 'https://katalon-demo-cura.herokuapp.com/' successfully

13-04-2025T21:45:18 - [TEST_STEP][PASSED] - click(findTestObject("Object Repository/Website/Page_CURA Healthcare Service/a_Make Appointment")): Object: 'Object Repository/Website/Page_CURA Healthcare Service/a_Make Appointment' is clicked on

13-04-2025T21:45:19 - [MESSAGE][PASSED] - Object: 'Object Repository/Website/Page_CURA Healthcare Service/a_Make Appointment' is clicked on

13-04-2025T21:45:19 - [TEST_STEP][PASSED] - setText(findTestObject("Object Repository/Website/Page_CURA Healthcare Service/input_Username_username"), "John Doe"): Text 'John Doe' is set on object 'Object Repository/Website/Page_CURA Healthcare Service/input_Username_username'

13-04-2025T21:45:21 - [MESSAGE][PASSED] - Text 'John Doe' is set on object 'Object Repository/Website/Page_CURA Healthcare Service/input_Username_username'

13-04-2025T21:45:21 - [TEST_STEP][PASSED] - setEncryptedText(findTestObject("Object Repository/Website/Page_CURA Healthcare Service/input_Password_password"), "g3/DOGG74jC3Flrr3yH+3D/yKbOqqUNM"): Text ****** has been set on object 'Object Repository/Website/Page_CURA Healthcare Service/input_Password_password'

13-04-2025T21:45:23 - [MESSAGE][PASSED] - Text ****** has been set on object 'Object Repository/Website/Page_CURA Healthcare Service/input_Password_password'

13-04-2025T21:45:23 - [TEST_STEP][PASSED] - click(findTestObject("Object Repository/Website/Page_CURA Healthcare Service/button_Login")): Object: 'Object Repository/Website/Page_CURA Healthcare Service/button_Login' is clicked on

13-04-2025T21:45:24 - [MESSAGE][PASSED] - Object: 'Object Repository/Website/Page_CURA Healthcare Service/button_Login' is clicked on

13-04-2025T21:45:24 - [TEST_STEP][PASSED] - closeBrowser(): Browser is closed

13-04-2025T21:45:24 - [MESSAGE][PASSED] - Browser is closed]]></system-out>
         <system-err><![CDATA[]]></system-err>
      </testcase>
      <testcase name="Test Cases/WEB/TC04_Login 04" time="12.679" classname="Test Cases/WEB/TC04_Login 04" status="PASSED">
         <properties>
            <property name="data_binding"><![CDATA[{"(Default) varia...":""}]]></property>
         </properties>
         <system-out><![CDATA[13-04-2025T21:45:24 - [TEST_CASE][PASSED] - Test Cases/WEB/TC04_Login 04: Test Cases/WEB/TC04_Login 04

13-04-2025T21:45:24 - [TEST_STEP][PASSED] - openBrowser(""): Browser is opened with url: ''

13-04-2025T21:45:24 - [MESSAGE][INFO] - User set preference: ['browserVersion', '137']

13-04-2025T21:45:24 - [MESSAGE][INFO] - User set preference: ['browserName', 'chrome']

13-04-2025T21:45:24 - [MESSAGE][INFO] - User set preference: ['platformName', 'windows']

13-04-2025T21:45:24 - [MESSAGE][INFO] - User set preference: ['katalon:options', '{metadata={organizationId=2147063, accountId=1507070, channel=kse;v=10.1.1}, executionMode=queue, usingTunnel=false}']

13-04-2025T21:45:24 - [MESSAGE][INFO] - Connecting to remote web server 'testcloud.katalon.com/wd/hub' with type 'Selenium'

13-04-2025T21:45:24 - [MESSAGE][INFO] - Action delay is set to 0 milliseconds

13-04-2025T21:45:30 - [MESSAGE][WARNING] - Your browser version or type does not support the BiDirectional WebDriver Protocol which is required for Smart Locator functionality. Please update your browser or switch to a compatible one.

13-04-2025T21:45:30 - [MESSAGE][WARNING] - Your browser version or type does not support the BiDirectional WebDriver Protocol which is required for Smart Wait functionality. Please update your browser or switch to a compatible one.

13-04-2025T21:45:31 - [MESSAGE][PASSED] - Browser is opened with url: ''

13-04-2025T21:45:31 - [TEST_STEP][PASSED] - navigateToUrl("https://katalon-demo-cura.herokuapp.com/"): Navigate to 'https://katalon-demo-cura.herokuapp.com/' successfully

13-04-2025T21:45:31 - [MESSAGE][PASSED] - Navigate to 'https://katalon-demo-cura.herokuapp.com/' successfully

13-04-2025T21:45:31 - [TEST_STEP][PASSED] - click(findTestObject("Object Repository/Website/Page_CURA Healthcare Service/a_Make Appointment")): Object: 'Object Repository/Website/Page_CURA Healthcare Service/a_Make Appointment' is clicked on

13-04-2025T21:45:32 - [MESSAGE][PASSED] - Object: 'Object Repository/Website/Page_CURA Healthcare Service/a_Make Appointment' is clicked on

13-04-2025T21:45:32 - [TEST_STEP][PASSED] - setText(findTestObject("Object Repository/Website/Page_CURA Healthcare Service/input_Username_username"), "John Doe"): Text 'John Doe' is set on object 'Object Repository/Website/Page_CURA Healthcare Service/input_Username_username'

13-04-2025T21:45:34 - [MESSAGE][PASSED] - Text 'John Doe' is set on object 'Object Repository/Website/Page_CURA Healthcare Service/input_Username_username'

13-04-2025T21:45:34 - [TEST_STEP][PASSED] - setEncryptedText(findTestObject("Object Repository/Website/Page_CURA Healthcare Service/input_Password_password"), "g3/DOGG74jC3Flrr3yH+3D/yKbOqqUNM"): Text ****** has been set on object 'Object Repository/Website/Page_CURA Healthcare Service/input_Password_password'

13-04-2025T21:45:35 - [MESSAGE][PASSED] - Text ****** has been set on object 'Object Repository/Website/Page_CURA Healthcare Service/input_Password_password'

13-04-2025T21:45:35 - [TEST_STEP][PASSED] - click(findTestObject("Object Repository/Website/Page_CURA Healthcare Service/button_Login")): Object: 'Object Repository/Website/Page_CURA Healthcare Service/button_Login' is clicked on

13-04-2025T21:45:36 - [MESSAGE][PASSED] - Object: 'Object Repository/Website/Page_CURA Healthcare Service/button_Login' is clicked on

13-04-2025T21:45:36 - [TEST_STEP][PASSED] - closeBrowser(): Browser is closed

13-04-2025T21:45:37 - [MESSAGE][PASSED] - Browser is closed]]></system-out>
         <system-err><![CDATA[]]></system-err>
      </testcase>
      <testcase name="Test Cases/WEB/TC03_Login 03" time="17.658" classname="Test Cases/WEB/TC03_Login 03" status="PASSED">
         <properties>
            <property name="data_binding"><![CDATA[{"(Default) noNam...":""}]]></property>
         </properties>
         <system-out><![CDATA[13-04-2025T21:45:37 - [TEST_CASE][PASSED] - Test Cases/WEB/TC03_Login 03: Test Cases/WEB/TC03_Login 03

13-04-2025T21:45:37 - [TEST_STEP][PASSED] - openBrowser(""): Browser is opened with url: ''

13-04-2025T21:45:37 - [MESSAGE][INFO] - User set preference: ['browserVersion', '137']

13-04-2025T21:45:37 - [MESSAGE][INFO] - User set preference: ['browserName', 'chrome']

13-04-2025T21:45:37 - [MESSAGE][INFO] - User set preference: ['platformName', 'windows']

13-04-2025T21:45:37 - [MESSAGE][INFO] - User set preference: ['katalon:options', '{metadata={organizationId=2147063, accountId=1507070, channel=kse;v=10.1.1}, executionMode=queue, usingTunnel=false}']

13-04-2025T21:45:37 - [MESSAGE][INFO] - Connecting to remote web server 'testcloud.katalon.com/wd/hub' with type 'Selenium'

13-04-2025T21:45:37 - [MESSAGE][INFO] - Action delay is set to 0 milliseconds

13-04-2025T21:45:48 - [MESSAGE][WARNING] - Your browser version or type does not support the BiDirectional WebDriver Protocol which is required for Smart Locator functionality. Please update your browser or switch to a compatible one.

13-04-2025T21:45:48 - [MESSAGE][WARNING] - Your browser version or type does not support the BiDirectional WebDriver Protocol which is required for Smart Wait functionality. Please update your browser or switch to a compatible one.

13-04-2025T21:45:48 - [MESSAGE][PASSED] - Browser is opened with url: ''

13-04-2025T21:45:48 - [TEST_STEP][PASSED] - navigateToUrl("https://katalon-demo-cura.herokuapp.com/"): Navigate to 'https://katalon-demo-cura.herokuapp.com/' successfully

13-04-2025T21:45:49 - [MESSAGE][PASSED] - Navigate to 'https://katalon-demo-cura.herokuapp.com/' successfully

13-04-2025T21:45:49 - [TEST_STEP][PASSED] - click(findTestObject("Object Repository/Website/Page_CURA Healthcare Service/a_Make Appointment")): Object: 'Object Repository/Website/Page_CURA Healthcare Service/a_Make Appointment' is clicked on

13-04-2025T21:45:50 - [MESSAGE][PASSED] - Object: 'Object Repository/Website/Page_CURA Healthcare Service/a_Make Appointment' is clicked on

13-04-2025T21:45:50 - [TEST_STEP][PASSED] - setText(findTestObject("Object Repository/Website/Page_CURA Healthcare Service/input_Username_username"), "John Doe"): Text 'John Doe' is set on object 'Object Repository/Website/Page_CURA Healthcare Service/input_Username_username'

13-04-2025T21:45:52 - [MESSAGE][PASSED] - Text 'John Doe' is set on object 'Object Repository/Website/Page_CURA Healthcare Service/input_Username_username'

13-04-2025T21:45:52 - [TEST_STEP][PASSED] - setEncryptedText(findTestObject("Object Repository/Website/Page_CURA Healthcare Service/input_Password_password"), "g3/DOGG74jC3Flrr3yH+3D/yKbOqqUNM"): Text ****** has been set on object 'Object Repository/Website/Page_CURA Healthcare Service/input_Password_password'

13-04-2025T21:45:53 - [MESSAGE][PASSED] - Text ****** has been set on object 'Object Repository/Website/Page_CURA Healthcare Service/input_Password_password'

13-04-2025T21:45:53 - [TEST_STEP][PASSED] - click(findTestObject("Object Repository/Website/Page_CURA Healthcare Service/button_Login")): Object: 'Object Repository/Website/Page_CURA Healthcare Service/button_Login' is clicked on

13-04-2025T21:45:54 - [MESSAGE][PASSED] - Object: 'Object Repository/Website/Page_CURA Healthcare Service/button_Login' is clicked on

13-04-2025T21:45:54 - [TEST_STEP][PASSED] - closeBrowser(): Browser is closed

13-04-2025T21:45:54 - [MESSAGE][PASSED] - Browser is closed]]></system-out>
         <system-err><![CDATA[]]></system-err>
      </testcase>
      <testcase name="Test Cases/WEB/TC02_Login 02" time="12.328" classname="Test Cases/WEB/TC02_Login 02" status="PASSED">
         <properties>
            <property name="data_binding"><![CDATA[{"(Default) noNam...":""}]]></property>
         </properties>
         <system-out><![CDATA[13-04-2025T21:45:54 - [TEST_CASE][PASSED] - Test Cases/WEB/TC02_Login 02: Test Cases/WEB/TC02_Login 02

13-04-2025T21:45:54 - [TEST_STEP][PASSED] - openBrowser(""): Browser is opened with url: ''

13-04-2025T21:45:54 - [MESSAGE][INFO] - User set preference: ['browserVersion', '137']

13-04-2025T21:45:54 - [MESSAGE][INFO] - User set preference: ['browserName', 'chrome']

13-04-2025T21:45:54 - [MESSAGE][INFO] - User set preference: ['platformName', 'windows']

13-04-2025T21:45:54 - [MESSAGE][INFO] - User set preference: ['katalon:options', '{metadata={organizationId=2147063, accountId=1507070, channel=kse;v=10.1.1}, executionMode=queue, usingTunnel=false}']

13-04-2025T21:45:54 - [MESSAGE][INFO] - Connecting to remote web server 'testcloud.katalon.com/wd/hub' with type 'Selenium'

13-04-2025T21:45:54 - [MESSAGE][INFO] - Action delay is set to 0 milliseconds

13-04-2025T21:46:00 - [MESSAGE][WARNING] - Your browser version or type does not support the BiDirectional WebDriver Protocol which is required for Smart Locator functionality. Please update your browser or switch to a compatible one.

13-04-2025T21:46:00 - [MESSAGE][WARNING] - Your browser version or type does not support the BiDirectional WebDriver Protocol which is required for Smart Wait functionality. Please update your browser or switch to a compatible one.

13-04-2025T21:46:00 - [MESSAGE][PASSED] - Browser is opened with url: ''

13-04-2025T21:46:00 - [TEST_STEP][PASSED] - navigateToUrl("https://katalon-demo-cura.herokuapp.com/"): Navigate to 'https://katalon-demo-cura.herokuapp.com/' successfully

13-04-2025T21:46:01 - [MESSAGE][PASSED] - Navigate to 'https://katalon-demo-cura.herokuapp.com/' successfully

13-04-2025T21:46:01 - [TEST_STEP][PASSED] - click(findTestObject("Object Repository/Website/Page_CURA Healthcare Service/a_Make Appointment")): Object: 'Object Repository/Website/Page_CURA Healthcare Service/a_Make Appointment' is clicked on

13-04-2025T21:46:02 - [MESSAGE][PASSED] - Object: 'Object Repository/Website/Page_CURA Healthcare Service/a_Make Appointment' is clicked on

13-04-2025T21:46:02 - [TEST_STEP][PASSED] - setText(findTestObject("Object Repository/Website/Page_CURA Healthcare Service/input_Username_username"), "John Doe"): Text 'John Doe' is set on object 'Object Repository/Website/Page_CURA Healthcare Service/input_Username_username'

13-04-2025T21:46:04 - [MESSAGE][PASSED] - Text 'John Doe' is set on object 'Object Repository/Website/Page_CURA Healthcare Service/input_Username_username'

13-04-2025T21:46:04 - [TEST_STEP][PASSED] - setEncryptedText(findTestObject("Object Repository/Website/Page_CURA Healthcare Service/input_Password_password"), "g3/DOGG74jC3Flrr3yH+3D/yKbOqqUNM"): Text ****** has been set on object 'Object Repository/Website/Page_CURA Healthcare Service/input_Password_password'

13-04-2025T21:46:05 - [MESSAGE][PASSED] - Text ****** has been set on object 'Object Repository/Website/Page_CURA Healthcare Service/input_Password_password'

13-04-2025T21:46:05 - [TEST_STEP][PASSED] - click(findTestObject("Object Repository/Website/Page_CURA Healthcare Service/button_Login")): Object: 'Object Repository/Website/Page_CURA Healthcare Service/button_Login' is clicked on

13-04-2025T21:46:06 - [MESSAGE][PASSED] - Object: 'Object Repository/Website/Page_CURA Healthcare Service/button_Login' is clicked on

13-04-2025T21:46:06 - [TEST_STEP][PASSED] - closeBrowser(): Browser is closed

13-04-2025T21:46:07 - [MESSAGE][PASSED] - Browser is closed]]></system-out>
         <system-err><![CDATA[]]></system-err>
      </testcase>
      <testcase name="Test Cases/WEB/TC01_Load Page" time="26.016" classname="Test Cases/WEB/TC01_Load Page" status="PASSED">
         <properties>
            <property name="data_binding"><![CDATA[{"(Default) inPut...":"","(Default) phone...":"0","(Default) otpLo...":"0","(Default) comme...":"[]","(Default) nameO...":""}]]></property>
         </properties>
         <system-out><![CDATA[13-04-2025T21:46:07 - [TEST_CASE][PASSED] - Test Cases/WEB/TC01_Load Page: Test Cases/WEB/TC01_Load Page

13-04-2025T21:46:07 - [TEST_STEP][PASSED] - setWebDriverPreferencesProperty("args", ["--disable-features=SafeBrowsing,PasswordLeakToggleMove"]): null

13-04-2025T21:46:07 - [TEST_STEP][PASSED] - openBrowser(""): Browser is opened with url: ''

13-04-2025T21:46:07 - [MESSAGE][INFO] - User set preference: ['browserVersion', '137']

13-04-2025T21:46:07 - [MESSAGE][INFO] - User set preference: ['browserName', 'chrome']

13-04-2025T21:46:07 - [MESSAGE][INFO] - User set preference: ['platformName', 'windows']

13-04-2025T21:46:07 - [MESSAGE][INFO] - User set preference: ['katalon:options', '{metadata={organizationId=2147063, accountId=1507070, channel=kse;v=10.1.1}, executionMode=queue, usingTunnel=false}']

13-04-2025T21:46:07 - [MESSAGE][INFO] - Connecting to remote web server 'testcloud.katalon.com/wd/hub' with type 'Selenium'

13-04-2025T21:46:07 - [MESSAGE][INFO] - Action delay is set to 0 milliseconds

13-04-2025T21:46:14 - [MESSAGE][WARNING] - Your browser version or type does not support the BiDirectional WebDriver Protocol which is required for Smart Locator functionality. Please update your browser or switch to a compatible one.

13-04-2025T21:46:14 - [MESSAGE][WARNING] - Your browser version or type does not support the BiDirectional WebDriver Protocol which is required for Smart Wait functionality. Please update your browser or switch to a compatible one.

13-04-2025T21:46:14 - [MESSAGE][PASSED] - Browser is opened with url: ''

13-04-2025T21:46:14 - [TEST_STEP][PASSED] - navigateToUrl("https://katalon-demo-cura.herokuapp.com/"): Navigate to 'https://katalon-demo-cura.herokuapp.com/' successfully

13-04-2025T21:46:15 - [MESSAGE][PASSED] - Navigate to 'https://katalon-demo-cura.herokuapp.com/' successfully

13-04-2025T21:46:15 - [TEST_STEP][PASSED] - click(findTestObject("Object Repository/Website/Page_CURA Healthcare Service/a_Make Appointment")): Object: 'Object Repository/Website/Page_CURA Healthcare Service/a_Make Appointment' is clicked on

13-04-2025T21:46:16 - [MESSAGE][PASSED] - Object: 'Object Repository/Website/Page_CURA Healthcare Service/a_Make Appointment' is clicked on

13-04-2025T21:46:16 - [TEST_STEP][PASSED] - setText(findTestObject("Object Repository/Website/Page_CURA Healthcare Service/input_Username_username"), "John Doe"): Text 'John Doe' is set on object 'Object Repository/Website/Page_CURA Healthcare Service/input_Username_username'

13-04-2025T21:46:18 - [MESSAGE][PASSED] - Text 'John Doe' is set on object 'Object Repository/Website/Page_CURA Healthcare Service/input_Username_username'

13-04-2025T21:46:18 - [TEST_STEP][PASSED] - setEncryptedText(findTestObject("Object Repository/Website/Page_CURA Healthcare Service/input_Password_password"), "g3/DOGG74jC3Flrr3yH+3D/yKbOqqUNM"): Text ****** has been set on object 'Object Repository/Website/Page_CURA Healthcare Service/input_Password_password'

13-04-2025T21:46:19 - [MESSAGE][PASSED] - Text ****** has been set on object 'Object Repository/Website/Page_CURA Healthcare Service/input_Password_password'

13-04-2025T21:46:19 - [TEST_STEP][PASSED] - click(findTestObject("Object Repository/Website/Page_CURA Healthcare Service/button_Login")): Object: 'Object Repository/Website/Page_CURA Healthcare Service/button_Login' is clicked on

13-04-2025T21:46:20 - [MESSAGE][PASSED] - Object: 'Object Repository/Website/Page_CURA Healthcare Service/button_Login' is clicked on

13-04-2025T21:46:20 - [TEST_STEP][PASSED] - selectOptionByValue(findTestObject("Object Repository/Website/Page_CURA Healthcare Service/select_Tokyo CURA Healthcare Center        _5b4107"), "Hongkong CURA Healthcare Center", true): All options with value 'Hongkong CURA Healthcare Center' are selected in object 'Object Repository/Website/Page_CURA Healthcare Service/select_Tokyo CURA Healthcare Center        _5b4107'  using regular expression

13-04-2025T21:46:24 - [MESSAGE][PASSED] - All options with value 'Hongkong CURA Healthcare Center' are selected in object 'Object Repository/Website/Page_CURA Healthcare Service/select_Tokyo CURA Healthcare Center        _5b4107'  using regular expression

13-04-2025T21:46:24 - [TEST_STEP][PASSED] - click(findTestObject("Object Repository/Website/Page_CURA Healthcare Service/input_Apply for hospital readmission_hospit_63901f")): Object: 'Object Repository/Website/Page_CURA Healthcare Service/input_Apply for hospital readmission_hospit_63901f' is clicked on

13-04-2025T21:46:25 - [MESSAGE][PASSED] - Object: 'Object Repository/Website/Page_CURA Healthcare Service/input_Apply for hospital readmission_hospit_63901f' is clicked on

13-04-2025T21:46:25 - [TEST_STEP][PASSED] - click(findTestObject("Object Repository/Website/Page_CURA Healthcare Service/input_Medicaid_programs")): Object: 'Object Repository/Website/Page_CURA Healthcare Service/input_Medicaid_programs' is clicked on

13-04-2025T21:46:26 - [MESSAGE][PASSED] - Object: 'Object Repository/Website/Page_CURA Healthcare Service/input_Medicaid_programs' is clicked on

13-04-2025T21:46:26 - [TEST_STEP][PASSED] - click(findTestObject("Object Repository/Website/Page_CURA Healthcare Service/div_Visit Date (Required)_input-group-addon")): Object: 'Object Repository/Website/Page_CURA Healthcare Service/div_Visit Date (Required)_input-group-addon' is clicked on

13-04-2025T21:46:27 - [MESSAGE][PASSED] - Object: 'Object Repository/Website/Page_CURA Healthcare Service/div_Visit Date (Required)_input-group-addon' is clicked on

13-04-2025T21:46:27 - [TEST_STEP][PASSED] - click(findTestObject("Object Repository/Website/Page_CURA Healthcare Service/td_30")): Object: 'Object Repository/Website/Page_CURA Healthcare Service/td_30' is clicked on

13-04-2025T21:46:28 - [MESSAGE][PASSED] - Object: 'Object Repository/Website/Page_CURA Healthcare Service/td_30' is clicked on

13-04-2025T21:46:28 - [TEST_STEP][PASSED] - setText(findTestObject("Object Repository/Website/Page_CURA Healthcare Service/textarea_Comment_comment"), findTestData("TestData_Website_01").getValue("comment", 2)): Text 'Not Okey' is set on object 'Object Repository/Website/Page_CURA Healthcare Service/textarea_Comment_comment'

13-04-2025T21:46:30 - [MESSAGE][PASSED] - Text 'Not Okey' is set on object 'Object Repository/Website/Page_CURA Healthcare Service/textarea_Comment_comment'

13-04-2025T21:46:30 - [TEST_STEP][PASSED] - click(findTestObject("Object Repository/Website/Page_CURA Healthcare Service/button_Book Appointment")): Object: 'Object Repository/Website/Page_CURA Healthcare Service/button_Book Appointment' is clicked on

13-04-2025T21:46:31 - [MESSAGE][PASSED] - Object: 'Object Repository/Website/Page_CURA Healthcare Service/button_Book Appointment' is clicked on

13-04-2025T21:46:31 - [TEST_STEP][PASSED] - click(findTestObject("Object Repository/Website/Page_CURA Healthcare Service/h2_Appointment Confirmation")): Object: 'Object Repository/Website/Page_CURA Healthcare Service/h2_Appointment Confirmation' is clicked on

13-04-2025T21:46:31 - [MESSAGE][PASSED] - Object: 'Object Repository/Website/Page_CURA Healthcare Service/h2_Appointment Confirmation' is clicked on

13-04-2025T21:46:31 - [TEST_STEP][PASSED] - verifyElementText(findTestObject("Object Repository/Website/Page_CURA Healthcare Service/h2_Appointment Confirmation"), "Appointment Confirmation"): Actual text and expected text of test object 'Object Repository/Website/Page_CURA Healthcare Service/h2_Appointment Confirmation' are matched.

13-04-2025T21:46:32 - [MESSAGE][PASSED] - Actual text and expected text of test object 'Object Repository/Website/Page_CURA Healthcare Service/h2_Appointment Confirmation' are matched.

13-04-2025T21:46:32 - [TEST_STEP][PASSED] - closeBrowser(): Browser is closed

13-04-2025T21:46:33 - [MESSAGE][PASSED] - Browser is closed]]></system-out>
         <system-err><![CDATA[]]></system-err>
      </testcase>
      <system-out><![CDATA[13-04-2025T21:45:02 - [TEST_SUITE][PASSED] - TS_01: Test Cases/WEB/TC01_Load Page]]></system-out>
      <system-err><![CDATA[]]></system-err>
   </testsuite>
</testsuites>
