<?xml version="1.0" encoding="UTF-8"?>
<testsuites name="TS_02" time="30.04" tests="5" failures="0" errors="0">
   <testsuite name="TS_02" tests="5" failures="0" errors="0" time="30.04" skipped="0" timestamp="13-04-2025T20:27:04" hostname="Admin - 192.168.1.10" id="Test Suites/TS_02">
      <properties>
         <property name="deviceName" value=""/>
         <property name="devicePlatform"/>
         <property name="logFolder" value="E:\\Katalon Projects\\HungDNCProject2025\\Reports\\20250413_202700\\TS_02\\20250413_202700"/>
         <property name="logFiles" value="E:\\Katalon Projects\\HungDNCProject2025\\Reports\\20250413_202700\\TS_02\\20250413_202700\\execution0.log"/>
         <property name="attachments" value=""/>
         <property name="hostName" value="Admin - 192.168.1.10"/>
         <property name="os" value="Windows 11 64bit"/>
         <property name="katalonVersion" value="9.7.5.223"/>
         <property name="browser" value="Chrome 135.0.0.0"/>
         <property name="hostAddress" value="192.168.1.10"/>
         <property name="sessionId" value="b43c33fc640616d63e22a0f7152cfae1"/>
         <property name="seleniumVersion" value="3.141.59"/>
         <property name="proxyInformation" value="ProxyInformation { proxyOption=NO_PROXY, proxyServerType=HTTP, username=, password=********, proxyServerAddress=, proxyServerPort=0, executionList=&quot;&quot;, isApplyToDesiredCapabilities=true }"/>
         <property name="platform" value="Windows 11"/>
      </properties>
      <testcase name="Test Cases/WEB/TC10_Login_10" time="7.144" classname="Test Cases/WEB/TC10_Login_10" status="PASSED">
         <system-out><![CDATA[13-04-2025T20:27:04 - [TEST_CASE][PASSED] - Test Cases/WEB/TC10_Login_10: Test Cases/WEB/TC10_Login_10

13-04-2025T20:27:04 - [TEST_STEP][PASSED] - openBrowser(""): Browser is opened with url: ''

13-04-2025T20:27:04 - [MESSAGE][INFO] - Starting 'Chrome (headless)' driver

13-04-2025T20:27:04 - [MESSAGE][INFO] - User set preference: ['args1', '--disable-features=SafeBrowsing,PasswordLeakToggleMove']

13-04-2025T20:27:04 - [MESSAGE][INFO] - Action delay is set to 0 milliseconds

13-04-2025T20:27:06 - [MESSAGE][PASSED] - Browser is opened with url: ''

13-04-2025T20:27:06 - [TEST_STEP][PASSED] - navigateToUrl("https://katalon-demo-cura.herokuapp.com/"): Navigate to 'https://katalon-demo-cura.herokuapp.com/' successfully

13-04-2025T20:27:08 - [MESSAGE][PASSED] - Navigate to 'https://katalon-demo-cura.herokuapp.com/' successfully

13-04-2025T20:27:08 - [TEST_STEP][PASSED] - click(findTestObject("Object Repository/Website/Page_CURA Healthcare Service/a_Make Appointment")): Object: 'Object Repository/Website/Page_CURA Healthcare Service/a_Make Appointment' is clicked on

13-04-2025T20:27:09 - [MESSAGE][PASSED] - Object: 'Object Repository/Website/Page_CURA Healthcare Service/a_Make Appointment' is clicked on

13-04-2025T20:27:09 - [TEST_STEP][PASSED] - setText(findTestObject("Object Repository/Website/Page_CURA Healthcare Service/input_Username_username"), "John Doe"): Text 'John Doe' is set on object 'Object Repository/Website/Page_CURA Healthcare Service/input_Username_username'

13-04-2025T20:27:10 - [MESSAGE][PASSED] - Text 'John Doe' is set on object 'Object Repository/Website/Page_CURA Healthcare Service/input_Username_username'

13-04-2025T20:27:10 - [TEST_STEP][PASSED] - setEncryptedText(findTestObject("Object Repository/Website/Page_CURA Healthcare Service/input_Password_password"), "g3/DOGG74jC3Flrr3yH+3D/yKbOqqUNM"): Text ****** has been set on object 'Object Repository/Website/Page_CURA Healthcare Service/input_Password_password'

13-04-2025T20:27:10 - [MESSAGE][PASSED] - Text ****** has been set on object 'Object Repository/Website/Page_CURA Healthcare Service/input_Password_password'

13-04-2025T20:27:10 - [TEST_STEP][PASSED] - click(findTestObject("Object Repository/Website/Page_CURA Healthcare Service/button_Login")): Object: 'Object Repository/Website/Page_CURA Healthcare Service/button_Login' is clicked on

13-04-2025T20:27:11 - [MESSAGE][PASSED] - Object: 'Object Repository/Website/Page_CURA Healthcare Service/button_Login' is clicked on

13-04-2025T20:27:11 - [TEST_STEP][PASSED] - closeBrowser(): Browser is closed

13-04-2025T20:27:11 - [MESSAGE][PASSED] - Browser is closed]]></system-out>
         <system-err><![CDATA[]]></system-err>
      </testcase>
      <testcase name="Test Cases/WEB/TC09_Login_09" time="5.709" classname="Test Cases/WEB/TC09_Login_09" status="PASSED">
         <system-out><![CDATA[13-04-2025T20:27:11 - [TEST_CASE][PASSED] - Test Cases/WEB/TC09_Login_09: Test Cases/WEB/TC09_Login_09

13-04-2025T20:27:11 - [TEST_STEP][PASSED] - openBrowser(""): Browser is opened with url: ''

13-04-2025T20:27:11 - [MESSAGE][INFO] - Starting 'Chrome (headless)' driver

13-04-2025T20:27:11 - [MESSAGE][INFO] - User set preference: ['args1', '--disable-features=SafeBrowsing,PasswordLeakToggleMove']

13-04-2025T20:27:11 - [MESSAGE][INFO] - Action delay is set to 0 milliseconds

13-04-2025T20:27:12 - [MESSAGE][PASSED] - Browser is opened with url: ''

13-04-2025T20:27:12 - [TEST_STEP][PASSED] - navigateToUrl("https://katalon-demo-cura.herokuapp.com/"): Navigate to 'https://katalon-demo-cura.herokuapp.com/' successfully

13-04-2025T20:27:14 - [MESSAGE][PASSED] - Navigate to 'https://katalon-demo-cura.herokuapp.com/' successfully

13-04-2025T20:27:14 - [TEST_STEP][PASSED] - click(findTestObject("Object Repository/Website/Page_CURA Healthcare Service/a_Make Appointment")): Object: 'Object Repository/Website/Page_CURA Healthcare Service/a_Make Appointment' is clicked on

13-04-2025T20:27:15 - [MESSAGE][PASSED] - Object: 'Object Repository/Website/Page_CURA Healthcare Service/a_Make Appointment' is clicked on

13-04-2025T20:27:15 - [TEST_STEP][PASSED] - setText(findTestObject("Object Repository/Website/Page_CURA Healthcare Service/input_Username_username"), "John Doe"): Text 'John Doe' is set on object 'Object Repository/Website/Page_CURA Healthcare Service/input_Username_username'

13-04-2025T20:27:16 - [MESSAGE][PASSED] - Text 'John Doe' is set on object 'Object Repository/Website/Page_CURA Healthcare Service/input_Username_username'

13-04-2025T20:27:16 - [TEST_STEP][PASSED] - setEncryptedText(findTestObject("Object Repository/Website/Page_CURA Healthcare Service/input_Password_password"), "g3/DOGG74jC3Flrr3yH+3D/yKbOqqUNM"): Text ****** has been set on object 'Object Repository/Website/Page_CURA Healthcare Service/input_Password_password'

13-04-2025T20:27:16 - [MESSAGE][PASSED] - Text ****** has been set on object 'Object Repository/Website/Page_CURA Healthcare Service/input_Password_password'

13-04-2025T20:27:16 - [TEST_STEP][PASSED] - click(findTestObject("Object Repository/Website/Page_CURA Healthcare Service/button_Login")): Object: 'Object Repository/Website/Page_CURA Healthcare Service/button_Login' is clicked on

13-04-2025T20:27:17 - [MESSAGE][PASSED] - Object: 'Object Repository/Website/Page_CURA Healthcare Service/button_Login' is clicked on

13-04-2025T20:27:17 - [TEST_STEP][PASSED] - closeBrowser(): Browser is closed

13-04-2025T20:27:17 - [MESSAGE][PASSED] - Browser is closed]]></system-out>
         <system-err><![CDATA[]]></system-err>
      </testcase>
      <testcase name="Test Cases/WEB/TC08_Login_08" time="5.709" classname="Test Cases/WEB/TC08_Login_08" status="PASSED">
         <system-out><![CDATA[13-04-2025T20:27:17 - [TEST_CASE][PASSED] - Test Cases/WEB/TC08_Login_08: Test Cases/WEB/TC08_Login_08

13-04-2025T20:27:17 - [TEST_STEP][PASSED] - openBrowser(""): Browser is opened with url: ''

13-04-2025T20:27:17 - [MESSAGE][INFO] - Starting 'Chrome (headless)' driver

13-04-2025T20:27:17 - [MESSAGE][INFO] - User set preference: ['args1', '--disable-features=SafeBrowsing,PasswordLeakToggleMove']

13-04-2025T20:27:17 - [MESSAGE][INFO] - Action delay is set to 0 milliseconds

13-04-2025T20:27:18 - [MESSAGE][PASSED] - Browser is opened with url: ''

13-04-2025T20:27:18 - [TEST_STEP][PASSED] - navigateToUrl("https://katalon-demo-cura.herokuapp.com/"): Navigate to 'https://katalon-demo-cura.herokuapp.com/' successfully

13-04-2025T20:27:20 - [MESSAGE][PASSED] - Navigate to 'https://katalon-demo-cura.herokuapp.com/' successfully

13-04-2025T20:27:20 - [TEST_STEP][PASSED] - click(findTestObject("Object Repository/Website/Page_CURA Healthcare Service/a_Make Appointment")): Object: 'Object Repository/Website/Page_CURA Healthcare Service/a_Make Appointment' is clicked on

13-04-2025T20:27:21 - [MESSAGE][PASSED] - Object: 'Object Repository/Website/Page_CURA Healthcare Service/a_Make Appointment' is clicked on

13-04-2025T20:27:21 - [TEST_STEP][PASSED] - setText(findTestObject("Object Repository/Website/Page_CURA Healthcare Service/input_Username_username"), "John Doe"): Text 'John Doe' is set on object 'Object Repository/Website/Page_CURA Healthcare Service/input_Username_username'

13-04-2025T20:27:21 - [MESSAGE][PASSED] - Text 'John Doe' is set on object 'Object Repository/Website/Page_CURA Healthcare Service/input_Username_username'

13-04-2025T20:27:21 - [TEST_STEP][PASSED] - setEncryptedText(findTestObject("Object Repository/Website/Page_CURA Healthcare Service/input_Password_password"), "g3/DOGG74jC3Flrr3yH+3D/yKbOqqUNM"): Text ****** has been set on object 'Object Repository/Website/Page_CURA Healthcare Service/input_Password_password'

13-04-2025T20:27:22 - [MESSAGE][PASSED] - Text ****** has been set on object 'Object Repository/Website/Page_CURA Healthcare Service/input_Password_password'

13-04-2025T20:27:22 - [TEST_STEP][PASSED] - click(findTestObject("Object Repository/Website/Page_CURA Healthcare Service/button_Login")): Object: 'Object Repository/Website/Page_CURA Healthcare Service/button_Login' is clicked on

13-04-2025T20:27:22 - [MESSAGE][PASSED] - Object: 'Object Repository/Website/Page_CURA Healthcare Service/button_Login' is clicked on

13-04-2025T20:27:22 - [TEST_STEP][PASSED] - closeBrowser(): Browser is closed

13-04-2025T20:27:23 - [MESSAGE][PASSED] - Browser is closed]]></system-out>
         <system-err><![CDATA[]]></system-err>
      </testcase>
      <testcase name="Test Cases/WEB/TC07_Login_07" time="5.641" classname="Test Cases/WEB/TC07_Login_07" status="PASSED">
         <system-out><![CDATA[13-04-2025T20:27:23 - [TEST_CASE][PASSED] - Test Cases/WEB/TC07_Login_07: Test Cases/WEB/TC07_Login_07

13-04-2025T20:27:23 - [TEST_STEP][PASSED] - openBrowser(""): Browser is opened with url: ''

13-04-2025T20:27:23 - [MESSAGE][INFO] - Starting 'Chrome (headless)' driver

13-04-2025T20:27:23 - [MESSAGE][INFO] - User set preference: ['args1', '--disable-features=SafeBrowsing,PasswordLeakToggleMove']

13-04-2025T20:27:23 - [MESSAGE][INFO] - Action delay is set to 0 milliseconds

13-04-2025T20:27:23 - [MESSAGE][PASSED] - Browser is opened with url: ''

13-04-2025T20:27:23 - [TEST_STEP][PASSED] - navigateToUrl("https://katalon-demo-cura.herokuapp.com/"): Navigate to 'https://katalon-demo-cura.herokuapp.com/' successfully

13-04-2025T20:27:26 - [MESSAGE][PASSED] - Navigate to 'https://katalon-demo-cura.herokuapp.com/' successfully

13-04-2025T20:27:26 - [TEST_STEP][PASSED] - click(findTestObject("Object Repository/Website/Page_CURA Healthcare Service/a_Make Appointment")): Object: 'Object Repository/Website/Page_CURA Healthcare Service/a_Make Appointment' is clicked on

13-04-2025T20:27:26 - [MESSAGE][PASSED] - Object: 'Object Repository/Website/Page_CURA Healthcare Service/a_Make Appointment' is clicked on

13-04-2025T20:27:26 - [TEST_STEP][PASSED] - setText(findTestObject("Object Repository/Website/Page_CURA Healthcare Service/input_Username_username"), "John Doe"): Text 'John Doe' is set on object 'Object Repository/Website/Page_CURA Healthcare Service/input_Username_username'

13-04-2025T20:27:27 - [MESSAGE][PASSED] - Text 'John Doe' is set on object 'Object Repository/Website/Page_CURA Healthcare Service/input_Username_username'

13-04-2025T20:27:27 - [TEST_STEP][PASSED] - setEncryptedText(findTestObject("Object Repository/Website/Page_CURA Healthcare Service/input_Password_password"), "g3/DOGG74jC3Flrr3yH+3D/yKbOqqUNM"): Text ****** has been set on object 'Object Repository/Website/Page_CURA Healthcare Service/input_Password_password'

13-04-2025T20:27:27 - [MESSAGE][PASSED] - Text ****** has been set on object 'Object Repository/Website/Page_CURA Healthcare Service/input_Password_password'

13-04-2025T20:27:27 - [TEST_STEP][PASSED] - click(findTestObject("Object Repository/Website/Page_CURA Healthcare Service/button_Login")): Object: 'Object Repository/Website/Page_CURA Healthcare Service/button_Login' is clicked on

13-04-2025T20:27:28 - [MESSAGE][PASSED] - Object: 'Object Repository/Website/Page_CURA Healthcare Service/button_Login' is clicked on

13-04-2025T20:27:28 - [TEST_STEP][PASSED] - closeBrowser(): Browser is closed

13-04-2025T20:27:28 - [MESSAGE][PASSED] - Browser is closed]]></system-out>
         <system-err><![CDATA[]]></system-err>
      </testcase>
      <testcase name="Test Cases/WEB/TC06_Login_06" time="5.631" classname="Test Cases/WEB/TC06_Login_06" status="PASSED">
         <system-out><![CDATA[13-04-2025T20:27:28 - [TEST_CASE][PASSED] - Test Cases/WEB/TC06_Login_06: Test Cases/WEB/TC06_Login_06

13-04-2025T20:27:28 - [TEST_STEP][PASSED] - openBrowser(""): Browser is opened with url: ''

13-04-2025T20:27:28 - [MESSAGE][INFO] - Starting 'Chrome (headless)' driver

13-04-2025T20:27:28 - [MESSAGE][INFO] - User set preference: ['args1', '--disable-features=SafeBrowsing,PasswordLeakToggleMove']

13-04-2025T20:27:28 - [MESSAGE][INFO] - Action delay is set to 0 milliseconds

13-04-2025T20:27:29 - [MESSAGE][PASSED] - Browser is opened with url: ''

13-04-2025T20:27:29 - [TEST_STEP][PASSED] - navigateToUrl("https://katalon-demo-cura.herokuapp.com/"): Navigate to 'https://katalon-demo-cura.herokuapp.com/' successfully

13-04-2025T20:27:31 - [MESSAGE][PASSED] - Navigate to 'https://katalon-demo-cura.herokuapp.com/' successfully

13-04-2025T20:27:31 - [TEST_STEP][PASSED] - click(findTestObject("Object Repository/Website/Page_CURA Healthcare Service/a_Make Appointment")): Object: 'Object Repository/Website/Page_CURA Healthcare Service/a_Make Appointment' is clicked on

13-04-2025T20:27:32 - [MESSAGE][PASSED] - Object: 'Object Repository/Website/Page_CURA Healthcare Service/a_Make Appointment' is clicked on

13-04-2025T20:27:32 - [TEST_STEP][PASSED] - setText(findTestObject("Object Repository/Website/Page_CURA Healthcare Service/input_Username_username"), "John Doe"): Text 'John Doe' is set on object 'Object Repository/Website/Page_CURA Healthcare Service/input_Username_username'

13-04-2025T20:27:33 - [MESSAGE][PASSED] - Text 'John Doe' is set on object 'Object Repository/Website/Page_CURA Healthcare Service/input_Username_username'

13-04-2025T20:27:33 - [TEST_STEP][PASSED] - setEncryptedText(findTestObject("Object Repository/Website/Page_CURA Healthcare Service/input_Password_password"), "g3/DOGG74jC3Flrr3yH+3D/yKbOqqUNM"): Text ****** has been set on object 'Object Repository/Website/Page_CURA Healthcare Service/input_Password_password'

13-04-2025T20:27:33 - [MESSAGE][PASSED] - Text ****** has been set on object 'Object Repository/Website/Page_CURA Healthcare Service/input_Password_password'

13-04-2025T20:27:33 - [TEST_STEP][PASSED] - click(findTestObject("Object Repository/Website/Page_CURA Healthcare Service/button_Login")): Object: 'Object Repository/Website/Page_CURA Healthcare Service/button_Login' is clicked on

13-04-2025T20:27:34 - [MESSAGE][PASSED] - Object: 'Object Repository/Website/Page_CURA Healthcare Service/button_Login' is clicked on

13-04-2025T20:27:34 - [TEST_STEP][PASSED] - closeBrowser(): Browser is closed

13-04-2025T20:27:34 - [MESSAGE][PASSED] - Browser is closed]]></system-out>
         <system-err><![CDATA[]]></system-err>
      </testcase>
      <system-out><![CDATA[13-04-2025T20:27:04 - [TEST_SUITE][PASSED] - TS_02: Test Cases/WEB/TC06_Login_06]]></system-out>
      <system-err><![CDATA[]]></system-err>
   </testsuite>
</testsuites>
